<?xml version="1.0" encoding="UTF-8"?>
<coverage generated="1781898155103" clover="3.2.0">
  <project timestamp="1781898155103" name="All files">
    <metrics statements="41" coveredstatements="38" conditionals="45" coveredconditionals="38" methods="16" coveredmethods="14" elements="102" coveredelements="90" complexity="0" loc="41" ncloc="41" packages="4" files="23" classes="23"/>
    <package name="icons">
      <metrics statements="0" coveredstatements="0" conditionals="0" coveredconditionals="0" methods="0" coveredmethods="0"/>
      <file name="Bolsistas.png" path="D:\Documents\painel-TCC\frontend\icons\Bolsistas.png">
        <metrics statements="0" coveredstatements="0" conditionals="0" coveredconditionals="0" methods="0" coveredmethods="0"/>
      </file>
      <file name="E. INCUBADAS.png" path="D:\Documents\painel-TCC\frontend\icons\E. INCUBADAS.png">
        <metrics statements="0" coveredstatements="0" conditionals="0" coveredconditionals="0" methods="0" coveredmethods="0"/>
      </file>
      <file name="FOMENTO.png" path="D:\Documents\painel-TCC\frontend\icons\FOMENTO.png">
        <metrics statements="0" coveredstatements="0" conditionals="0" coveredconditionals="0" methods="0" coveredmethods="0"/>
      </file>
      <file name="Grupos de pesquisa.png" path="D:\Documents\painel-TCC\frontend\icons\Grupos de pesquisa.png">
        <metrics statements="0" coveredstatements="0" conditionals="0" coveredconditionals="0" methods="0" coveredmethods="0"/>
      </file>
      <file name="Laboratórios.png" path="D:\Documents\painel-TCC\frontend\icons\Laboratórios.png">
        <metrics statements="0" coveredstatements="0" conditionals="0" coveredconditionals="0" methods="0" coveredmethods="0"/>
      </file>
      <file name="NÚCLEOS.png" path="D:\Documents\painel-TCC\frontend\icons\NÚCLEOS.png">
        <metrics statements="0" coveredstatements="0" conditionals="0" coveredconditionals="0" methods="0" coveredmethods="0"/>
      </file>
      <file name="Núcleos ativos.png" path="D:\Documents\painel-TCC\frontend\icons\Núcleos ativos.png">
        <metrics statements="0" coveredstatements="0" conditionals="0" coveredconditionals="0" methods="0" coveredmethods="0"/>
      </file>
      <file name="Núcleos inativos.png" path="D:\Documents\painel-TCC\frontend\icons\Núcleos inativos.png">
        <metrics statements="0" coveredstatements="0" conditionals="0" coveredconditionals="0" methods="0" coveredmethods="0"/>
      </file>
      <file name="PATENTES.png" path="D:\Documents\painel-TCC\frontend\icons\PATENTES.png">
        <metrics statements="0" coveredstatements="0" conditionals="0" coveredconditionals="0" methods="0" coveredmethods="0"/>
      </file>
      <file name="PROJETOS.png" path="D:\Documents\painel-TCC\frontend\icons\PROJETOS.png">
        <metrics statements="0" coveredstatements="0" conditionals="0" coveredconditionals="0" methods="0" coveredmethods="0"/>
      </file>
      <file name="Pesquisas em andamento.png" path="D:\Documents\painel-TCC\frontend\icons\Pesquisas em andamento.png">
        <metrics statements="0" coveredstatements="0" conditionals="0" coveredconditionals="0" methods="0" coveredmethods="0"/>
      </file>
      <file name="Pesquisas ublicadas.png" path="D:\Documents\painel-TCC\frontend\icons\Pesquisas ublicadas.png">
        <metrics statements="0" coveredstatements="0" conditionals="0" coveredconditionals="0" methods="0" coveredmethods="0"/>
      </file>
      <file name="PÓS GRADUAÇÃO.png" path="D:\Documents\painel-TCC\frontend\icons\PÓS GRADUAÇÃO.png">
        <metrics statements="0" coveredstatements="0" conditionals="0" coveredconditionals="0" methods="0" coveredmethods="0"/>
      </file>
      <file name="Titulado.png" path="D:\Documents\painel-TCC\frontend\icons\Titulado.png">
        <metrics statements="0" coveredstatements="0" conditionals="0" coveredconditionals="0" methods="0" coveredmethods="0"/>
      </file>
      <file name="marcas.png" path="D:\Documents\painel-TCC\frontend\icons\marcas.png">
        <metrics statements="0" coveredstatements="0" conditionals="0" coveredconditionals="0" methods="0" coveredmethods="0"/>
      </file>
      <file name="programa de computadores.png" path="D:\Documents\painel-TCC\frontend\icons\programa de computadores.png">
        <metrics statements="0" coveredstatements="0" conditionals="0" coveredconditionals="0" methods="0" coveredmethods="0"/>
      </file>
    </package>
    <package name="src.assets">
      <metrics statements="0" coveredstatements="0" conditionals="0" coveredconditionals="0" methods="0" coveredmethods="0"/>
      <file name="icons.js" path="D:\Documents\painel-TCC\frontend\src\assets\icons.js">
        <metrics statements="0" coveredstatements="0" conditionals="0" coveredconditionals="0" methods="0" coveredmethods="0"/>
      </file>
    </package>
    <package name="src.components">
      <metrics statements="24" coveredstatements="21" conditionals="39" coveredconditionals="32" methods="12" coveredmethods="10"/>
      <file name="CardMetrica.jsx" path="D:\Documents\painel-TCC\frontend\src\components\CardMetrica.jsx">
        <metrics statements="1" coveredstatements="1" conditionals="6" coveredconditionals="5" methods="1" coveredmethods="1"/>
        <line num="2" count="5" type="stmt"/>
      </file>
      <file name="LoadingSpinner.jsx" path="D:\Documents\painel-TCC\frontend\src\components\LoadingSpinner.jsx">
        <metrics statements="5" coveredstatements="4" conditionals="4" coveredconditionals="3" methods="1" coveredmethods="1"/>
        <line num="1" count="1" type="stmt"/>
        <line num="9" count="3" type="stmt"/>
        <line num="14" count="3" type="cond" truecount="1" falsecount="1"/>
        <line num="15" count="0" type="stmt"/>
        <line num="22" count="3" type="stmt"/>
      </file>
      <file name="Sidebar.jsx" path="D:\Documents\painel-TCC\frontend\src\components\Sidebar.jsx">
        <metrics statements="10" coveredstatements="10" conditionals="12" coveredconditionals="9" methods="4" coveredmethods="4"/>
        <line num="9" count="1" type="stmt"/>
        <line num="22" count="1" type="stmt"/>
        <line num="23" count="50" type="stmt"/>
        <line num="31" count="5" type="stmt"/>
        <line num="32" count="5" type="stmt"/>
        <line num="33" count="5" type="stmt"/>
        <line num="36" count="1" type="stmt"/>
        <line num="37" count="1" type="stmt"/>
        <line num="40" count="5" type="stmt"/>
        <line num="68" count="50" type="stmt"/>
      </file>
      <file name="SkeletonTabela.jsx" path="D:\Documents\painel-TCC\frontend\src\components\SkeletonTabela.jsx">
        <metrics statements="2" coveredstatements="0" conditionals="1" coveredconditionals="0" methods="2" coveredmethods="0"/>
        <line num="2" count="0" type="stmt"/>
        <line num="6" count="0" type="stmt"/>
      </file>
      <file name="TabelaPaginada.jsx" path="D:\Documents\painel-TCC\frontend\src\components\TabelaPaginada.jsx">
        <metrics statements="6" coveredstatements="6" conditionals="16" coveredconditionals="15" methods="4" coveredmethods="4"/>
        <line num="13" count="10" type="cond" truecount="1" falsecount="1"/>
        <line num="15" count="10" type="cond" truecount="2" falsecount="0"/>
        <line num="17" count="10" type="stmt"/>
        <line num="24" count="19" type="stmt"/>
        <line num="39" count="15" type="stmt"/>
        <line num="46" count="29" type="stmt"/>
      </file>
    </package>
    <package name="src.pages">
      <metrics statements="17" coveredstatements="17" conditionals="6" coveredconditionals="6" methods="4" coveredmethods="4"/>
      <file name="Login.jsx" path="D:\Documents\painel-TCC\frontend\src\pages\Login.jsx">
        <metrics statements="17" coveredstatements="17" conditionals="6" coveredconditionals="6" methods="4" coveredmethods="4"/>
        <line num="7" count="17" type="stmt"/>
        <line num="8" count="17" type="stmt"/>
        <line num="9" count="17" type="stmt"/>
        <line num="10" count="17" type="stmt"/>
        <line num="12" count="17" type="stmt"/>
        <line num="13" count="17" type="stmt"/>
        <line num="16" count="3" type="stmt"/>
        <line num="17" count="3" type="stmt"/>
        <line num="18" count="3" type="stmt"/>
        <line num="19" count="3" type="stmt"/>
        <line num="20" count="3" type="stmt"/>
        <line num="21" count="3" type="cond" truecount="2" falsecount="0"/>
        <line num="22" count="1" type="stmt"/>
        <line num="24" count="2" type="stmt"/>
        <line num="28" count="17" type="stmt"/>
        <line num="54" count="3" type="stmt"/>
        <line num="72" count="3" type="stmt"/>
      </file>
    </package>
  </project>
</coverage>
