{"D:\\Documents\\painel-TCC\\frontend\\src\\App.jsx": {"path":"D:\\Documents\\painel-TCC\\frontend\\src\\App.jsx","statementMap":{"0":{"start":{"line":18,"column":10},"end":{"line":18,"column":null}},"1":{"start":{"line":19,"column":2},"end":{"line":19,"column":null}},"2":{"start":{"line":23,"column":2},"end":{"line":49,"column":null}}},"fnMap":{"0":{"name":"RotaProtegida","decl":{"start":{"line":17,"column":9},"end":{"line":17,"column":23}},"loc":{"start":{"line":17,"column":37},"end":{"line":20,"column":null}},"line":17},"1":{"name":"App","decl":{"start":{"line":22,"column":24},"end":{"line":22,"column":30}},"loc":{"start":{"line":22,"column":30},"end":{"line":51,"column":null}},"line":22}},"branchMap":{"0":{"loc":{"start":{"line":19,"column":9},"end":{"line":19,"column":null}},"type":"cond-expr","locations":[{"start":{"line":19,"column":17},"end":{"line":19,"column":28}},{"start":{"line":19,"column":28},"end":{"line":19,"column":null}}],"line":19}},"s":{"0":0,"1":0,"2":0},"f":{"0":0,"1":0},"b":{"0":[0,0]},"meta":{"lastBranch":1,"lastFunction":2,"lastStatement":3,"seen":{"f:17:9:17:23":0,"s:18:10:18:Infinity":0,"s:19:2:19:Infinity":1,"b:19:17:19:28:19:28:19:Infinity":0,"f:22:24:22:30":1,"s:23:2:49:Infinity":2},"fnNames":{}}}
,"D:\\Documents\\painel-TCC\\frontend\\src\\api\\index.js": {"path":"D:\\Documents\\painel-TCC\\frontend\\src\\api\\index.js","statementMap":{"0":{"start":{"line":3,"column":12},"end":{"line":5,"column":null}},"1":{"start":{"line":7,"column":0},"end":{"line":13,"column":null}},"2":{"start":{"line":8,"column":16},"end":{"line":8,"column":null}},"3":{"start":{"line":9,"column":2},"end":{"line":11,"column":null}},"4":{"start":{"line":10,"column":4},"end":{"line":10,"column":null}},"5":{"start":{"line":12,"column":2},"end":{"line":12,"column":null}},"6":{"start":{"line":15,"column":0},"end":{"line":24,"column":null}},"7":{"start":{"line":16,"column":16},"end":{"line":16,"column":null}},"8":{"start":{"line":18,"column":4},"end":{"line":21,"column":null}},"9":{"start":{"line":19,"column":6},"end":{"line":19,"column":null}},"10":{"start":{"line":20,"column":6},"end":{"line":20,"column":null}},"11":{"start":{"line":22,"column":4},"end":{"line":22,"column":null}},"12":{"start":{"line":26,"column":6},"end":{"line":26,"column":null}},"13":{"start":{"line":26,"column":19},"end":{"line":26,"column":null}},"14":{"start":{"line":29,"column":13},"end":{"line":30,"column":null}},"15":{"start":{"line":30,"column":2},"end":{"line":30,"column":null}},"16":{"start":{"line":32,"column":13},"end":{"line":33,"column":null}},"17":{"start":{"line":33,"column":2},"end":{"line":33,"column":null}},"18":{"start":{"line":36,"column":13},"end":{"line":36,"column":null}},"19":{"start":{"line":36,"column":29},"end":{"line":36,"column":null}},"20":{"start":{"line":39,"column":13},"end":{"line":39,"column":null}},"21":{"start":{"line":39,"column":46},"end":{"line":39,"column":null}},"22":{"start":{"line":40,"column":13},"end":{"line":40,"column":null}},"23":{"start":{"line":40,"column":46},"end":{"line":40,"column":null}},"24":{"start":{"line":41,"column":13},"end":{"line":41,"column":null}},"25":{"start":{"line":41,"column":46},"end":{"line":41,"column":null}},"26":{"start":{"line":42,"column":13},"end":{"line":42,"column":null}},"27":{"start":{"line":42,"column":46},"end":{"line":42,"column":null}},"28":{"start":{"line":43,"column":13},"end":{"line":43,"column":null}},"29":{"start":{"line":43,"column":46},"end":{"line":43,"column":null}},"30":{"start":{"line":46,"column":13},"end":{"line":46,"column":null}},"31":{"start":{"line":46,"column":47},"end":{"line":46,"column":null}},"32":{"start":{"line":47,"column":13},"end":{"line":47,"column":null}},"33":{"start":{"line":47,"column":47},"end":{"line":47,"column":null}},"34":{"start":{"line":48,"column":13},"end":{"line":48,"column":null}},"35":{"start":{"line":48,"column":47},"end":{"line":48,"column":null}},"36":{"start":{"line":49,"column":13},"end":{"line":49,"column":null}},"37":{"start":{"line":49,"column":47},"end":{"line":49,"column":null}},"38":{"start":{"line":50,"column":13},"end":{"line":50,"column":null}},"39":{"start":{"line":50,"column":47},"end":{"line":50,"column":null}},"40":{"start":{"line":53,"column":13},"end":{"line":53,"column":null}},"41":{"start":{"line":53,"column":44},"end":{"line":53,"column":null}},"42":{"start":{"line":54,"column":13},"end":{"line":54,"column":null}},"43":{"start":{"line":54,"column":44},"end":{"line":54,"column":null}},"44":{"start":{"line":55,"column":13},"end":{"line":55,"column":null}},"45":{"start":{"line":55,"column":44},"end":{"line":55,"column":null}},"46":{"start":{"line":56,"column":13},"end":{"line":56,"column":null}},"47":{"start":{"line":56,"column":44},"end":{"line":56,"column":null}},"48":{"start":{"line":57,"column":13},"end":{"line":57,"column":null}},"49":{"start":{"line":57,"column":44},"end":{"line":57,"column":null}},"50":{"start":{"line":58,"column":13},"end":{"line":58,"column":null}},"51":{"start":{"line":58,"column":44},"end":{"line":58,"column":null}},"52":{"start":{"line":61,"column":13},"end":{"line":61,"column":null}},"53":{"start":{"line":61,"column":49},"end":{"line":61,"column":null}},"54":{"start":{"line":62,"column":13},"end":{"line":62,"column":null}},"55":{"start":{"line":62,"column":49},"end":{"line":62,"column":null}},"56":{"start":{"line":63,"column":13},"end":{"line":63,"column":null}},"57":{"start":{"line":63,"column":49},"end":{"line":63,"column":null}},"58":{"start":{"line":64,"column":13},"end":{"line":64,"column":null}},"59":{"start":{"line":64,"column":49},"end":{"line":64,"column":null}},"60":{"start":{"line":67,"column":13},"end":{"line":67,"column":null}},"61":{"start":{"line":67,"column":47},"end":{"line":67,"column":null}},"62":{"start":{"line":68,"column":13},"end":{"line":68,"column":null}},"63":{"start":{"line":68,"column":47},"end":{"line":68,"column":null}},"64":{"start":{"line":69,"column":13},"end":{"line":69,"column":null}},"65":{"start":{"line":69,"column":47},"end":{"line":69,"column":null}},"66":{"start":{"line":70,"column":13},"end":{"line":70,"column":null}},"67":{"start":{"line":70,"column":47},"end":{"line":70,"column":null}},"68":{"start":{"line":73,"column":13},"end":{"line":73,"column":null}},"69":{"start":{"line":73,"column":44},"end":{"line":73,"column":null}},"70":{"start":{"line":74,"column":13},"end":{"line":74,"column":null}},"71":{"start":{"line":74,"column":44},"end":{"line":74,"column":null}},"72":{"start":{"line":75,"column":13},"end":{"line":75,"column":null}},"73":{"start":{"line":75,"column":44},"end":{"line":75,"column":null}},"74":{"start":{"line":76,"column":13},"end":{"line":76,"column":null}},"75":{"start":{"line":76,"column":44},"end":{"line":76,"column":null}},"76":{"start":{"line":79,"column":13},"end":{"line":79,"column":null}},"77":{"start":{"line":79,"column":53},"end":{"line":79,"column":null}},"78":{"start":{"line":80,"column":13},"end":{"line":80,"column":null}},"79":{"start":{"line":80,"column":53},"end":{"line":80,"column":null}},"80":{"start":{"line":81,"column":13},"end":{"line":81,"column":null}},"81":{"start":{"line":81,"column":53},"end":{"line":81,"column":null}},"82":{"start":{"line":82,"column":13},"end":{"line":82,"column":null}},"83":{"start":{"line":82,"column":53},"end":{"line":82,"column":null}},"84":{"start":{"line":85,"column":13},"end":{"line":85,"column":null}},"85":{"start":{"line":85,"column":52},"end":{"line":85,"column":null}},"86":{"start":{"line":86,"column":13},"end":{"line":86,"column":null}},"87":{"start":{"line":86,"column":52},"end":{"line":86,"column":null}},"88":{"start":{"line":87,"column":13},"end":{"line":87,"column":null}},"89":{"start":{"line":87,"column":52},"end":{"line":87,"column":null}},"90":{"start":{"line":88,"column":13},"end":{"line":88,"column":null}},"91":{"start":{"line":88,"column":52},"end":{"line":88,"column":null}},"92":{"start":{"line":91,"column":13},"end":{"line":91,"column":null}},"93":{"start":{"line":91,"column":52},"end":{"line":91,"column":null}},"94":{"start":{"line":92,"column":13},"end":{"line":92,"column":null}},"95":{"start":{"line":92,"column":52},"end":{"line":92,"column":null}},"96":{"start":{"line":93,"column":13},"end":{"line":93,"column":null}},"97":{"start":{"line":93,"column":52},"end":{"line":93,"column":null}},"98":{"start":{"line":94,"column":13},"end":{"line":94,"column":null}},"99":{"start":{"line":94,"column":52},"end":{"line":94,"column":null}}},"fnMap":{"0":{"name":"(anonymous_0)","decl":{"start":{"line":7,"column":25},"end":{"line":7,"column":30}},"loc":{"start":{"line":7,"column":41},"end":{"line":13,"column":1}},"line":7},"1":{"name":"(anonymous_1)","decl":{"start":{"line":15,"column":26},"end":{"line":15,"column":null}},"loc":{"start":{"line":16,"column":16},"end":{"line":16,"column":null}},"line":16},"2":{"name":"(anonymous_2)","decl":{"start":{"line":16,"column":16},"end":{"line":16,"column":null}},"loc":{"start":{"line":17,"column":13},"end":{"line":23,"column":null}},"line":17},"3":{"name":"(anonymous_3)","decl":{"start":{"line":26,"column":6},"end":{"line":26,"column":11}},"loc":{"start":{"line":26,"column":19},"end":{"line":26,"column":null}},"line":26},"4":{"name":"(anonymous_4)","decl":{"start":{"line":29,"column":13},"end":{"line":29,"column":22}},"loc":{"start":{"line":30,"column":2},"end":{"line":30,"column":null}},"line":30},"5":{"name":"(anonymous_5)","decl":{"start":{"line":32,"column":13},"end":{"line":32,"column":26}},"loc":{"start":{"line":33,"column":2},"end":{"line":33,"column":null}},"line":33},"6":{"name":"(anonymous_6)","decl":{"start":{"line":36,"column":13},"end":{"line":36,"column":29}},"loc":{"start":{"line":36,"column":29},"end":{"line":36,"column":null}},"line":36},"7":{"name":"(anonymous_7)","decl":{"start":{"line":39,"column":13},"end":{"line":39,"column":35}},"loc":{"start":{"line":39,"column":46},"end":{"line":39,"column":null}},"line":39},"8":{"name":"(anonymous_8)","decl":{"start":{"line":40,"column":13},"end":{"line":40,"column":46}},"loc":{"start":{"line":40,"column":46},"end":{"line":40,"column":null}},"line":40},"9":{"name":"(anonymous_9)","decl":{"start":{"line":41,"column":13},"end":{"line":41,"column":35}},"loc":{"start":{"line":41,"column":46},"end":{"line":41,"column":null}},"line":41},"10":{"name":"(anonymous_10)","decl":{"start":{"line":42,"column":13},"end":{"line":42,"column":35}},"loc":{"start":{"line":42,"column":46},"end":{"line":42,"column":null}},"line":42},"11":{"name":"(anonymous_11)","decl":{"start":{"line":43,"column":13},"end":{"line":43,"column":46}},"loc":{"start":{"line":43,"column":46},"end":{"line":43,"column":null}},"line":43},"12":{"name":"(anonymous_12)","decl":{"start":{"line":46,"column":13},"end":{"line":46,"column":36}},"loc":{"start":{"line":46,"column":47},"end":{"line":46,"column":null}},"line":46},"13":{"name":"(anonymous_13)","decl":{"start":{"line":47,"column":13},"end":{"line":47,"column":47}},"loc":{"start":{"line":47,"column":47},"end":{"line":47,"column":null}},"line":47},"14":{"name":"(anonymous_14)","decl":{"start":{"line":48,"column":13},"end":{"line":48,"column":36}},"loc":{"start":{"line":48,"column":47},"end":{"line":48,"column":null}},"line":48},"15":{"name":"(anonymous_15)","decl":{"start":{"line":49,"column":13},"end":{"line":49,"column":36}},"loc":{"start":{"line":49,"column":47},"end":{"line":49,"column":null}},"line":49},"16":{"name":"(anonymous_16)","decl":{"start":{"line":50,"column":13},"end":{"line":50,"column":47}},"loc":{"start":{"line":50,"column":47},"end":{"line":50,"column":null}},"line":50},"17":{"name":"(anonymous_17)","decl":{"start":{"line":53,"column":13},"end":{"line":53,"column":33}},"loc":{"start":{"line":53,"column":44},"end":{"line":53,"column":null}},"line":53},"18":{"name":"(anonymous_18)","decl":{"start":{"line":54,"column":13},"end":{"line":54,"column":44}},"loc":{"start":{"line":54,"column":44},"end":{"line":54,"column":null}},"line":54},"19":{"name":"(anonymous_19)","decl":{"start":{"line":55,"column":13},"end":{"line":55,"column":44}},"loc":{"start":{"line":55,"column":44},"end":{"line":55,"column":null}},"line":55},"20":{"name":"(anonymous_20)","decl":{"start":{"line":56,"column":13},"end":{"line":56,"column":33}},"loc":{"start":{"line":56,"column":44},"end":{"line":56,"column":null}},"line":56},"21":{"name":"(anonymous_21)","decl":{"start":{"line":57,"column":13},"end":{"line":57,"column":44}},"loc":{"start":{"line":57,"column":44},"end":{"line":57,"column":null}},"line":57},"22":{"name":"(anonymous_22)","decl":{"start":{"line":58,"column":13},"end":{"line":58,"column":44}},"loc":{"start":{"line":58,"column":44},"end":{"line":58,"column":null}},"line":58},"23":{"name":"(anonymous_23)","decl":{"start":{"line":61,"column":13},"end":{"line":61,"column":38}},"loc":{"start":{"line":61,"column":49},"end":{"line":61,"column":null}},"line":61},"24":{"name":"(anonymous_24)","decl":{"start":{"line":62,"column":13},"end":{"line":62,"column":49}},"loc":{"start":{"line":62,"column":49},"end":{"line":62,"column":null}},"line":62},"25":{"name":"(anonymous_25)","decl":{"start":{"line":63,"column":13},"end":{"line":63,"column":38}},"loc":{"start":{"line":63,"column":49},"end":{"line":63,"column":null}},"line":63},"26":{"name":"(anonymous_26)","decl":{"start":{"line":64,"column":13},"end":{"line":64,"column":49}},"loc":{"start":{"line":64,"column":49},"end":{"line":64,"column":null}},"line":64},"27":{"name":"(anonymous_27)","decl":{"start":{"line":67,"column":13},"end":{"line":67,"column":36}},"loc":{"start":{"line":67,"column":47},"end":{"line":67,"column":null}},"line":67},"28":{"name":"(anonymous_28)","decl":{"start":{"line":68,"column":13},"end":{"line":68,"column":47}},"loc":{"start":{"line":68,"column":47},"end":{"line":68,"column":null}},"line":68},"29":{"name":"(anonymous_29)","decl":{"start":{"line":69,"column":13},"end":{"line":69,"column":36}},"loc":{"start":{"line":69,"column":47},"end":{"line":69,"column":null}},"line":69},"30":{"name":"(anonymous_30)","decl":{"start":{"line":70,"column":13},"end":{"line":70,"column":47}},"loc":{"start":{"line":70,"column":47},"end":{"line":70,"column":null}},"line":70},"31":{"name":"(anonymous_31)","decl":{"start":{"line":73,"column":13},"end":{"line":73,"column":33}},"loc":{"start":{"line":73,"column":44},"end":{"line":73,"column":null}},"line":73},"32":{"name":"(anonymous_32)","decl":{"start":{"line":74,"column":13},"end":{"line":74,"column":44}},"loc":{"start":{"line":74,"column":44},"end":{"line":74,"column":null}},"line":74},"33":{"name":"(anonymous_33)","decl":{"start":{"line":75,"column":13},"end":{"line":75,"column":33}},"loc":{"start":{"line":75,"column":44},"end":{"line":75,"column":null}},"line":75},"34":{"name":"(anonymous_34)","decl":{"start":{"line":76,"column":13},"end":{"line":76,"column":44}},"loc":{"start":{"line":76,"column":44},"end":{"line":76,"column":null}},"line":76},"35":{"name":"(anonymous_35)","decl":{"start":{"line":79,"column":13},"end":{"line":79,"column":42}},"loc":{"start":{"line":79,"column":53},"end":{"line":79,"column":null}},"line":79},"36":{"name":"(anonymous_36)","decl":{"start":{"line":80,"column":13},"end":{"line":80,"column":53}},"loc":{"start":{"line":80,"column":53},"end":{"line":80,"column":null}},"line":80},"37":{"name":"(anonymous_37)","decl":{"start":{"line":81,"column":13},"end":{"line":81,"column":42}},"loc":{"start":{"line":81,"column":53},"end":{"line":81,"column":null}},"line":81},"38":{"name":"(anonymous_38)","decl":{"start":{"line":82,"column":13},"end":{"line":82,"column":53}},"loc":{"start":{"line":82,"column":53},"end":{"line":82,"column":null}},"line":82},"39":{"name":"(anonymous_39)","decl":{"start":{"line":85,"column":13},"end":{"line":85,"column":41}},"loc":{"start":{"line":85,"column":52},"end":{"line":85,"column":null}},"line":85},"40":{"name":"(anonymous_40)","decl":{"start":{"line":86,"column":13},"end":{"line":86,"column":52}},"loc":{"start":{"line":86,"column":52},"end":{"line":86,"column":null}},"line":86},"41":{"name":"(anonymous_41)","decl":{"start":{"line":87,"column":13},"end":{"line":87,"column":41}},"loc":{"start":{"line":87,"column":52},"end":{"line":87,"column":null}},"line":87},"42":{"name":"(anonymous_42)","decl":{"start":{"line":88,"column":13},"end":{"line":88,"column":52}},"loc":{"start":{"line":88,"column":52},"end":{"line":88,"column":null}},"line":88},"43":{"name":"(anonymous_43)","decl":{"start":{"line":91,"column":13},"end":{"line":91,"column":41}},"loc":{"start":{"line":91,"column":52},"end":{"line":91,"column":null}},"line":91},"44":{"name":"(anonymous_44)","decl":{"start":{"line":92,"column":13},"end":{"line":92,"column":52}},"loc":{"start":{"line":92,"column":52},"end":{"line":92,"column":null}},"line":92},"45":{"name":"(anonymous_45)","decl":{"start":{"line":93,"column":13},"end":{"line":93,"column":41}},"loc":{"start":{"line":93,"column":52},"end":{"line":93,"column":null}},"line":93},"46":{"name":"(anonymous_46)","decl":{"start":{"line":94,"column":13},"end":{"line":94,"column":52}},"loc":{"start":{"line":94,"column":52},"end":{"line":94,"column":null}},"line":94}},"branchMap":{"0":{"loc":{"start":{"line":9,"column":2},"end":{"line":11,"column":null}},"type":"if","locations":[{"start":{"line":9,"column":2},"end":{"line":11,"column":null}},{"start":{},"end":{}}],"line":9},"1":{"loc":{"start":{"line":18,"column":4},"end":{"line":21,"column":null}},"type":"if","locations":[{"start":{"line":18,"column":4},"end":{"line":21,"column":null}},{"start":{},"end":{}}],"line":18}},"s":{"0":0,"1":0,"2":0,"3":0,"4":0,"5":0,"6":0,"7":0,"8":0,"9":0,"10":0,"11":0,"12":0,"13":0,"14":0,"15":0,"16":0,"17":0,"18":0,"19":0,"20":0,"21":0,"22":0,"23":0,"24":0,"25":0,"26":0,"27":0,"28":0,"29":0,"30":0,"31":0,"32":0,"33":0,"34":0,"35":0,"36":0,"37":0,"38":0,"39":0,"40":0,"41":0,"42":0,"43":0,"44":0,"45":0,"46":0,"47":0,"48":0,"49":0,"50":0,"51":0,"52":0,"53":0,"54":0,"55":0,"56":0,"57":0,"58":0,"59":0,"60":0,"61":0,"62":0,"63":0,"64":0,"65":0,"66":0,"67":0,"68":0,"69":0,"70":0,"71":0,"72":0,"73":0,"74":0,"75":0,"76":0,"77":0,"78":0,"79":0,"80":0,"81":0,"82":0,"83":0,"84":0,"85":0,"86":0,"87":0,"88":0,"89":0,"90":0,"91":0,"92":0,"93":0,"94":0,"95":0,"96":0,"97":0,"98":0,"99":0},"f":{"0":0,"1":0,"2":0,"3":0,"4":0,"5":0,"6":0,"7":0,"8":0,"9":0,"10":0,"11":0,"12":0,"13":0,"14":0,"15":0,"16":0,"17":0,"18":0,"19":0,"20":0,"21":0,"22":0,"23":0,"24":0,"25":0,"26":0,"27":0,"28":0,"29":0,"30":0,"31":0,"32":0,"33":0,"34":0,"35":0,"36":0,"37":0,"38":0,"39":0,"40":0,"41":0,"42":0,"43":0,"44":0,"45":0,"46":0},"b":{"0":[0,0],"1":[0,0]},"meta":{"lastBranch":2,"lastFunction":47,"lastStatement":100,"seen":{"s:3:12:5:Infinity":0,"s:7:0:13:Infinity":1,"f:7:25:7:30":0,"s:8:16:8:Infinity":2,"b:9:2:11:Infinity:undefined:undefined:undefined:undefined":0,"s:9:2:11:Infinity":3,"s:10:4:10:Infinity":4,"s:12:2:12:Infinity":5,"s:15:0:24:Infinity":6,"f:15:26:15:Infinity":1,"s:16:16:16:Infinity":7,"f:16:16:16:Infinity":2,"b:18:4:21:Infinity:undefined:undefined:undefined:undefined":1,"s:18:4:21:Infinity":8,"s:19:6:19:Infinity":9,"s:20:6:20:Infinity":10,"s:22:4:22:Infinity":11,"s:26:6:26:Infinity":12,"f:26:6:26:11":3,"s:26:19:26:Infinity":13,"s:29:13:30:Infinity":14,"f:29:13:29:22":4,"s:30:2:30:Infinity":15,"s:32:13:33:Infinity":16,"f:32:13:32:26":5,"s:33:2:33:Infinity":17,"s:36:13:36:Infinity":18,"f:36:13:36:29":6,"s:36:29:36:Infinity":19,"s:39:13:39:Infinity":20,"f:39:13:39:35":7,"s:39:46:39:Infinity":21,"s:40:13:40:Infinity":22,"f:40:13:40:46":8,"s:40:46:40:Infinity":23,"s:41:13:41:Infinity":24,"f:41:13:41:35":9,"s:41:46:41:Infinity":25,"s:42:13:42:Infinity":26,"f:42:13:42:35":10,"s:42:46:42:Infinity":27,"s:43:13:43:Infinity":28,"f:43:13:43:46":11,"s:43:46:43:Infinity":29,"s:46:13:46:Infinity":30,"f:46:13:46:36":12,"s:46:47:46:Infinity":31,"s:47:13:47:Infinity":32,"f:47:13:47:47":13,"s:47:47:47:Infinity":33,"s:48:13:48:Infinity":34,"f:48:13:48:36":14,"s:48:47:48:Infinity":35,"s:49:13:49:Infinity":36,"f:49:13:49:36":15,"s:49:47:49:Infinity":37,"s:50:13:50:Infinity":38,"f:50:13:50:47":16,"s:50:47:50:Infinity":39,"s:53:13:53:Infinity":40,"f:53:13:53:33":17,"s:53:44:53:Infinity":41,"s:54:13:54:Infinity":42,"f:54:13:54:44":18,"s:54:44:54:Infinity":43,"s:55:13:55:Infinity":44,"f:55:13:55:44":19,"s:55:44:55:Infinity":45,"s:56:13:56:Infinity":46,"f:56:13:56:33":20,"s:56:44:56:Infinity":47,"s:57:13:57:Infinity":48,"f:57:13:57:44":21,"s:57:44:57:Infinity":49,"s:58:13:58:Infinity":50,"f:58:13:58:44":22,"s:58:44:58:Infinity":51,"s:61:13:61:Infinity":52,"f:61:13:61:38":23,"s:61:49:61:Infinity":53,"s:62:13:62:Infinity":54,"f:62:13:62:49":24,"s:62:49:62:Infinity":55,"s:63:13:63:Infinity":56,"f:63:13:63:38":25,"s:63:49:63:Infinity":57,"s:64:13:64:Infinity":58,"f:64:13:64:49":26,"s:64:49:64:Infinity":59,"s:67:13:67:Infinity":60,"f:67:13:67:36":27,"s:67:47:67:Infinity":61,"s:68:13:68:Infinity":62,"f:68:13:68:47":28,"s:68:47:68:Infinity":63,"s:69:13:69:Infinity":64,"f:69:13:69:36":29,"s:69:47:69:Infinity":65,"s:70:13:70:Infinity":66,"f:70:13:70:47":30,"s:70:47:70:Infinity":67,"s:73:13:73:Infinity":68,"f:73:13:73:33":31,"s:73:44:73:Infinity":69,"s:74:13:74:Infinity":70,"f:74:13:74:44":32,"s:74:44:74:Infinity":71,"s:75:13:75:Infinity":72,"f:75:13:75:33":33,"s:75:44:75:Infinity":73,"s:76:13:76:Infinity":74,"f:76:13:76:44":34,"s:76:44:76:Infinity":75,"s:79:13:79:Infinity":76,"f:79:13:79:42":35,"s:79:53:79:Infinity":77,"s:80:13:80:Infinity":78,"f:80:13:80:53":36,"s:80:53:80:Infinity":79,"s:81:13:81:Infinity":80,"f:81:13:81:42":37,"s:81:53:81:Infinity":81,"s:82:13:82:Infinity":82,"f:82:13:82:53":38,"s:82:53:82:Infinity":83,"s:85:13:85:Infinity":84,"f:85:13:85:41":39,"s:85:52:85:Infinity":85,"s:86:13:86:Infinity":86,"f:86:13:86:52":40,"s:86:52:86:Infinity":87,"s:87:13:87:Infinity":88,"f:87:13:87:41":41,"s:87:52:87:Infinity":89,"s:88:13:88:Infinity":90,"f:88:13:88:52":42,"s:88:52:88:Infinity":91,"s:91:13:91:Infinity":92,"f:91:13:91:41":43,"s:91:52:91:Infinity":93,"s:92:13:92:Infinity":94,"f:92:13:92:52":44,"s:92:52:92:Infinity":95,"s:93:13:93:Infinity":96,"f:93:13:93:41":45,"s:93:52:93:Infinity":97,"s:94:13:94:Infinity":98,"f:94:13:94:52":46,"s:94:52:94:Infinity":99},"fnNames":{}}}
,"D:\\Documents\\painel-TCC\\frontend\\src\\components\\BotaoExportarCSV.jsx": {"path":"D:\\Documents\\painel-TCC\\frontend\\src\\components\\BotaoExportarCSV.jsx","statementMap":{"0":{"start":{"line":2,"column":12},"end":{"line":2,"column":null}},"1":{"start":{"line":3,"column":2},"end":{"line":7,"column":null}},"2":{"start":{"line":11,"column":14},"end":{"line":11,"column":null}},"3":{"start":{"line":12,"column":2},"end":{"line":14,"column":null}},"4":{"start":{"line":19,"column":19},"end":{"line":19,"column":null}},"5":{"start":{"line":19,"column":38},"end":{"line":19,"column":45}},"6":{"start":{"line":20,"column":19},"end":{"line":22,"column":null}},"7":{"start":{"line":21,"column":6},"end":{"line":21,"column":null}},"8":{"start":{"line":21,"column":25},"end":{"line":21,"column":52}},"9":{"start":{"line":23,"column":16},"end":{"line":23,"column":null}},"10":{"start":{"line":25,"column":17},"end":{"line":25,"column":null}},"11":{"start":{"line":26,"column":16},"end":{"line":26,"column":null}},"12":{"start":{"line":27,"column":14},"end":{"line":27,"column":null}},"13":{"start":{"line":28,"column":4},"end":{"line":28,"column":null}},"14":{"start":{"line":29,"column":4},"end":{"line":29,"column":null}},"15":{"start":{"line":30,"column":4},"end":{"line":30,"column":null}},"16":{"start":{"line":31,"column":4},"end":{"line":31,"column":null}},"17":{"start":{"line":34,"column":2},"end":{"line":40,"column":null}}},"fnMap":{"0":{"name":"dataHoje","decl":{"start":{"line":1,"column":9},"end":{"line":1,"column":20}},"loc":{"start":{"line":1,"column":20},"end":{"line":8,"column":null}},"line":1},"1":{"name":"escaparCelula","decl":{"start":{"line":10,"column":9},"end":{"line":10,"column":23}},"loc":{"start":{"line":10,"column":28},"end":{"line":15,"column":null}},"line":10},"2":{"name":"BotaoExportarCSV","decl":{"start":{"line":17,"column":24},"end":{"line":17,"column":41}},"loc":{"start":{"line":17,"column":95},"end":{"line":42,"column":null}},"line":17},"3":{"name":"exportar","decl":{"start":{"line":18,"column":11},"end":{"line":18,"column":22}},"loc":{"start":{"line":18,"column":22},"end":{"line":32,"column":null}},"line":18},"4":{"name":"(anonymous_4)","decl":{"start":{"line":19,"column":27},"end":{"line":19,"column":32}},"loc":{"start":{"line":19,"column":38},"end":{"line":19,"column":45}},"line":19},"5":{"name":"(anonymous_5)","decl":{"start":{"line":20,"column":25},"end":{"line":20,"column":30}},"loc":{"start":{"line":21,"column":6},"end":{"line":21,"column":null}},"line":21},"6":{"name":"(anonymous_6)","decl":{"start":{"line":21,"column":14},"end":{"line":21,"column":19}},"loc":{"start":{"line":21,"column":25},"end":{"line":21,"column":52}},"line":21}},"branchMap":{"0":{"loc":{"start":{"line":11,"column":21},"end":{"line":11,"column":30}},"type":"binary-expr","locations":[{"start":{"line":11,"column":21},"end":{"line":11,"column":28}},{"start":{"line":11,"column":28},"end":{"line":11,"column":30}}],"line":11},"1":{"loc":{"start":{"line":12,"column":9},"end":{"line":14,"column":null}},"type":"cond-expr","locations":[{"start":{"line":13,"column":6},"end":{"line":13,"column":null}},{"start":{"line":14,"column":6},"end":{"line":14,"column":null}}],"line":12},"2":{"loc":{"start":{"line":12,"column":9},"end":{"line":12,"column":null}},"type":"binary-expr","locations":[{"start":{"line":12,"column":9},"end":{"line":12,"column":30}},{"start":{"line":12,"column":30},"end":{"line":12,"column":52}},{"start":{"line":12,"column":52},"end":{"line":12,"column":null}}],"line":12},"3":{"loc":{"start":{"line":17,"column":43},"end":{"line":17,"column":55}},"type":"default-arg","locations":[{"start":{"line":17,"column":51},"end":{"line":17,"column":55}}],"line":17},"4":{"loc":{"start":{"line":17,"column":55},"end":{"line":17,"column":79}},"type":"default-arg","locations":[{"start":{"line":17,"column":69},"end":{"line":17,"column":79}}],"line":17},"5":{"loc":{"start":{"line":17,"column":79},"end":{"line":17,"column":95}},"type":"default-arg","locations":[{"start":{"line":17,"column":89},"end":{"line":17,"column":95}}],"line":17}},"s":{"0":4,"1":4,"2":12,"3":12,"4":4,"5":8,"6":4,"7":6,"8":12,"9":4,"10":4,"11":4,"12":4,"13":4,"14":4,"15":4,"16":4,"17":143},"f":{"0":4,"1":12,"2":143,"3":4,"4":8,"5":6,"6":12},"b":{"0":[12,0],"1":[3,9],"2":[12,9,9],"3":[143],"4":[143],"5":[143]},"meta":{"lastBranch":6,"lastFunction":7,"lastStatement":18,"seen":{"f:1:9:1:20":0,"s:2:12:2:Infinity":0,"s:3:2:7:Infinity":1,"f:10:9:10:23":1,"s:11:14:11:Infinity":2,"b:11:21:11:28:11:28:11:30":0,"s:12:2:14:Infinity":3,"b:13:6:13:Infinity:14:6:14:Infinity":1,"b:12:9:12:30:12:30:12:52:12:52:12:Infinity":2,"f:17:24:17:41":2,"b:17:51:17:55":3,"b:17:69:17:79":4,"b:17:89:17:95":5,"f:18:11:18:22":3,"s:19:19:19:Infinity":4,"f:19:27:19:32":4,"s:19:38:19:45":5,"s:20:19:22:Infinity":6,"f:20:25:20:30":5,"s:21:6:21:Infinity":7,"f:21:14:21:19":6,"s:21:25:21:52":8,"s:23:16:23:Infinity":9,"s:25:17:25:Infinity":10,"s:26:16:26:Infinity":11,"s:27:14:27:Infinity":12,"s:28:4:28:Infinity":13,"s:29:4:29:Infinity":14,"s:30:4:30:Infinity":15,"s:31:4:31:Infinity":16,"s:34:2:40:Infinity":17},"fnNames":{}}}
,"D:\\Documents\\painel-TCC\\frontend\\src\\components\\BotaoExportarPNG.jsx": {"path":"D:\\Documents\\painel-TCC\\frontend\\src\\components\\BotaoExportarPNG.jsx","statementMap":{"0":{"start":{"line":4,"column":12},"end":{"line":4,"column":null}},"1":{"start":{"line":5,"column":2},"end":{"line":9,"column":null}},"2":{"start":{"line":14,"column":4},"end":{"line":14,"column":null}},"3":{"start":{"line":14,"column":30},"end":{"line":14,"column":null}},"4":{"start":{"line":15,"column":19},"end":{"line":15,"column":null}},"5":{"start":{"line":16,"column":16},"end":{"line":16,"column":null}},"6":{"start":{"line":17,"column":14},"end":{"line":17,"column":null}},"7":{"start":{"line":18,"column":4},"end":{"line":18,"column":null}},"8":{"start":{"line":19,"column":4},"end":{"line":19,"column":null}},"9":{"start":{"line":20,"column":4},"end":{"line":20,"column":null}},"10":{"start":{"line":23,"column":2},"end":{"line":29,"column":null}}},"fnMap":{"0":{"name":"dataHoje","decl":{"start":{"line":3,"column":9},"end":{"line":3,"column":20}},"loc":{"start":{"line":3,"column":20},"end":{"line":10,"column":null}},"line":3},"1":{"name":"BotaoExportarPNG","decl":{"start":{"line":12,"column":24},"end":{"line":12,"column":41}},"loc":{"start":{"line":12,"column":82},"end":{"line":31,"column":null}},"line":12},"2":{"name":"exportar","decl":{"start":{"line":13,"column":17},"end":{"line":13,"column":28}},"loc":{"start":{"line":13,"column":28},"end":{"line":21,"column":null}},"line":13}},"branchMap":{"0":{"loc":{"start":{"line":12,"column":55},"end":{"line":12,"column":82}},"type":"default-arg","locations":[{"start":{"line":12,"column":69},"end":{"line":12,"column":82}}],"line":12},"1":{"loc":{"start":{"line":14,"column":4},"end":{"line":14,"column":null}},"type":"if","locations":[{"start":{"line":14,"column":4},"end":{"line":14,"column":null}},{"start":{},"end":{}}],"line":14}},"s":{"0":2,"1":2,"2":3,"3":1,"4":2,"5":2,"6":2,"7":2,"8":2,"9":2,"10":225},"f":{"0":2,"1":225,"2":3},"b":{"0":[225],"1":[1,2]},"meta":{"lastBranch":2,"lastFunction":3,"lastStatement":11,"seen":{"f:3:9:3:20":0,"s:4:12:4:Infinity":0,"s:5:2:9:Infinity":1,"f:12:24:12:41":1,"b:12:69:12:82":0,"f:13:17:13:28":2,"b:14:4:14:Infinity:undefined:undefined:undefined:undefined":1,"s:14:4:14:Infinity":2,"s:14:30:14:Infinity":3,"s:15:19:15:Infinity":4,"s:16:16:16:Infinity":5,"s:17:14:17:Infinity":6,"s:18:4:18:Infinity":7,"s:19:4:19:Infinity":8,"s:20:4:20:Infinity":9,"s:23:2:29:Infinity":10},"fnNames":{}}}
,"D:\\Documents\\painel-TCC\\frontend\\src\\components\\BotaoLimparFiltros.jsx": {"path":"D:\\Documents\\painel-TCC\\frontend\\src\\components\\BotaoLimparFiltros.jsx","statementMap":{"0":{"start":{"line":2,"column":2},"end":{"line":8,"column":null}}},"fnMap":{"0":{"name":"BotaoLimparFiltros","decl":{"start":{"line":1,"column":24},"end":{"line":1,"column":43}},"loc":{"start":{"line":1,"column":56},"end":{"line":10,"column":null}},"line":1}},"branchMap":{},"s":{"0":173},"f":{"0":173},"b":{},"meta":{"lastBranch":0,"lastFunction":1,"lastStatement":1,"seen":{"f:1:24:1:43":0,"s:2:2:8:Infinity":0},"fnNames":{}}}
,"D:\\Documents\\painel-TCC\\frontend\\src\\components\\CardMetrica.jsx": {"path":"D:\\Documents\\painel-TCC\\frontend\\src\\components\\CardMetrica.jsx","statementMap":{"0":{"start":{"line":2,"column":2},"end":{"line":24,"column":null}}},"fnMap":{"0":{"name":"CardMetrica","decl":{"start":{"line":1,"column":24},"end":{"line":1,"column":36}},"loc":{"start":{"line":1,"column":109},"end":{"line":26,"column":null}},"line":1}},"branchMap":{"0":{"loc":{"start":{"line":1,"column":80},"end":{"line":1,"column":109}},"type":"default-arg","locations":[{"start":{"line":1,"column":95},"end":{"line":1,"column":109}}],"line":1},"1":{"loc":{"start":{"line":7,"column":8},"end":{"line":7,"column":null}},"type":"cond-expr","locations":[{"start":{"line":7,"column":18},"end":{"line":7,"column":74}},{"start":{"line":7,"column":74},"end":{"line":7,"column":null}}],"line":7},"2":{"loc":{"start":{"line":14,"column":7},"end":{"line":15,"column":null}},"type":"binary-expr","locations":[{"start":{"line":14,"column":7},"end":{"line":14,"column":null}},{"start":{"line":15,"column":8},"end":{"line":15,"column":null}}],"line":14},"3":{"loc":{"start":{"line":17,"column":7},"end":{"line":22,"column":null}},"type":"binary-expr","locations":[{"start":{"line":17,"column":7},"end":{"line":17,"column":null}},{"start":{"line":18,"column":8},"end":{"line":22,"column":null}}],"line":17}},"s":{"0":180},"f":{"0":180},"b":{"0":[180],"1":[46,134],"2":[180,1],"3":[180,163]},"meta":{"lastBranch":4,"lastFunction":1,"lastStatement":1,"seen":{"f:1:24:1:36":0,"b:1:95:1:109":0,"s:2:2:24:Infinity":0,"b:7:18:7:74:7:74:7:Infinity":1,"b:14:7:14:Infinity:15:8:15:Infinity":2,"b:17:7:17:Infinity:18:8:22:Infinity":3},"fnNames":{}}}
,"D:\\Documents\\painel-TCC\\frontend\\src\\components\\FiltroSelect.jsx": {"path":"D:\\Documents\\painel-TCC\\frontend\\src\\components\\FiltroSelect.jsx","statementMap":{"0":{"start":{"line":9,"column":2},"end":{"line":29,"column":null}},"1":{"start":{"line":18,"column":25},"end":{"line":18,"column":null}},"2":{"start":{"line":24,"column":10},"end":{"line":26,"column":null}}},"fnMap":{"0":{"name":"FiltroSelect","decl":{"start":{"line":1,"column":24},"end":{"line":1,"column":37}},"loc":{"start":{"line":8,"column":3},"end":{"line":31,"column":null}},"line":8},"1":{"name":"(anonymous_1)","decl":{"start":{"line":18,"column":8},"end":{"line":18,"column":19}},"loc":{"start":{"line":18,"column":25},"end":{"line":18,"column":null}},"line":18},"2":{"name":"(anonymous_2)","decl":{"start":{"line":23,"column":17},"end":{"line":23,"column":22}},"loc":{"start":{"line":24,"column":10},"end":{"line":26,"column":null}},"line":24}},"branchMap":{"0":{"loc":{"start":{"line":5,"column":2},"end":{"line":5,"column":null}},"type":"default-arg","locations":[{"start":{"line":5,"column":12},"end":{"line":5,"column":null}}],"line":5},"1":{"loc":{"start":{"line":7,"column":2},"end":{"line":7,"column":null}},"type":"default-arg","locations":[{"start":{"line":7,"column":14},"end":{"line":7,"column":null}}],"line":7},"2":{"loc":{"start":{"line":11,"column":7},"end":{"line":16,"column":7}},"type":"binary-expr","locations":[{"start":{"line":11,"column":7},"end":{"line":11,"column":null}},{"start":{"line":12,"column":8},"end":{"line":16,"column":7}}],"line":11}},"s":{"0":612,"1":1,"2":549},"f":{"0":612,"1":1,"2":549},"b":{"0":[612],"1":[612],"2":[612,611]},"meta":{"lastBranch":3,"lastFunction":3,"lastStatement":3,"seen":{"f:1:24:1:37":0,"b:5:12:5:Infinity":0,"b:7:14:7:Infinity":1,"s:9:2:29:Infinity":0,"b:11:7:11:Infinity:12:8:16:7":2,"f:18:8:18:19":1,"s:18:25:18:Infinity":1,"f:23:17:23:22":2,"s:24:10:26:Infinity":2},"fnNames":{}}}
,"D:\\Documents\\painel-TCC\\frontend\\src\\components\\FiltroTexto.jsx": {"path":"D:\\Documents\\painel-TCC\\frontend\\src\\components\\FiltroTexto.jsx","statementMap":{"0":{"start":{"line":8,"column":2},"end":{"line":22,"column":null}},"1":{"start":{"line":18,"column":25},"end":{"line":18,"column":null}}},"fnMap":{"0":{"name":"FiltroTexto","decl":{"start":{"line":1,"column":24},"end":{"line":1,"column":36}},"loc":{"start":{"line":7,"column":3},"end":{"line":24,"column":null}},"line":7},"1":{"name":"(anonymous_1)","decl":{"start":{"line":18,"column":8},"end":{"line":18,"column":19}},"loc":{"start":{"line":18,"column":25},"end":{"line":18,"column":null}},"line":18}},"branchMap":{"0":{"loc":{"start":{"line":6,"column":2},"end":{"line":6,"column":null}},"type":"default-arg","locations":[{"start":{"line":6,"column":14},"end":{"line":6,"column":null}}],"line":6},"1":{"loc":{"start":{"line":10,"column":7},"end":{"line":15,"column":7}},"type":"binary-expr","locations":[{"start":{"line":10,"column":7},"end":{"line":10,"column":null}},{"start":{"line":11,"column":8},"end":{"line":15,"column":7}}],"line":10}},"s":{"0":28,"1":2},"f":{"0":28,"1":2},"b":{"0":[28],"1":[28,27]},"meta":{"lastBranch":2,"lastFunction":2,"lastStatement":2,"seen":{"f:1:24:1:36":0,"b:6:14:6:Infinity":0,"s:8:2:22:Infinity":0,"b:10:7:10:Infinity:11:8:15:7":1,"f:18:8:18:19":1,"s:18:25:18:Infinity":1},"fnNames":{}}}
,"D:\\Documents\\painel-TCC\\frontend\\src\\components\\Header.jsx": {"path":"D:\\Documents\\painel-TCC\\frontend\\src\\components\\Header.jsx","statementMap":{"0":{"start":{"line":4,"column":16},"end":{"line":15,"column":null}},"1":{"start":{"line":18,"column":10},"end":{"line":18,"column":null}},"2":{"start":{"line":19,"column":16},"end":{"line":19,"column":null}},"3":{"start":{"line":20,"column":17},"end":{"line":20,"column":null}},"4":{"start":{"line":22,"column":2},"end":{"line":46,"column":null}}},"fnMap":{"0":{"name":"Header","decl":{"start":{"line":17,"column":24},"end":{"line":17,"column":31}},"loc":{"start":{"line":17,"column":48},"end":{"line":48,"column":null}},"line":17}},"branchMap":{"0":{"loc":{"start":{"line":20,"column":17},"end":{"line":20,"column":null}},"type":"binary-expr","locations":[{"start":{"line":20,"column":17},"end":{"line":20,"column":38}},{"start":{"line":20,"column":38},"end":{"line":20,"column":null}}],"line":20},"1":{"loc":{"start":{"line":44,"column":9},"end":{"line":44,"column":null}},"type":"cond-expr","locations":[{"start":{"line":44,"column":16},"end":{"line":44,"column":23}},{"start":{"line":44,"column":23},"end":{"line":44,"column":null}}],"line":44}},"s":{"0":1,"1":5,"2":5,"3":5,"4":5},"f":{"0":5},"b":{"0":[5,0],"1":[0,5]},"meta":{"lastBranch":2,"lastFunction":1,"lastStatement":5,"seen":{"s:4:16:15:Infinity":0,"f:17:24:17:31":0,"s:18:10:18:Infinity":1,"s:19:16:19:Infinity":2,"s:20:17:20:Infinity":3,"b:20:17:20:38:20:38:20:Infinity":0,"s:22:2:46:Infinity":4,"b:44:16:44:23:44:23:44:Infinity":1},"fnNames":{}}}
,"D:\\Documents\\painel-TCC\\frontend\\src\\components\\Layout.jsx": {"path":"D:\\Documents\\painel-TCC\\frontend\\src\\components\\Layout.jsx","statementMap":{"0":{"start":{"line":7,"column":24},"end":{"line":7,"column":null}},"1":{"start":{"line":9,"column":2},"end":{"line":21,"column":null}},"2":{"start":{"line":13,"column":23},"end":{"line":13,"column":null}},"3":{"start":{"line":16,"column":35},"end":{"line":16,"column":60}}},"fnMap":{"0":{"name":"Layout","decl":{"start":{"line":6,"column":24},"end":{"line":6,"column":33}},"loc":{"start":{"line":6,"column":33},"end":{"line":23,"column":null}},"line":6},"1":{"name":"(anonymous_1)","decl":{"start":{"line":13,"column":8},"end":{"line":13,"column":23}},"loc":{"start":{"line":13,"column":23},"end":{"line":13,"column":null}},"line":13},"2":{"name":"(anonymous_2)","decl":{"start":{"line":16,"column":16},"end":{"line":16,"column":35}},"loc":{"start":{"line":16,"column":35},"end":{"line":16,"column":60}},"line":16}},"branchMap":{},"s":{"0":0,"1":0,"2":0,"3":0},"f":{"0":0,"1":0,"2":0},"b":{},"meta":{"lastBranch":0,"lastFunction":3,"lastStatement":4,"seen":{"f:6:24:6:33":0,"s:7:24:7:Infinity":0,"s:9:2:21:Infinity":1,"f:13:8:13:23":1,"s:13:23:13:Infinity":2,"f:16:16:16:35":2,"s:16:35:16:60":3},"fnNames":{}}}
,"D:\\Documents\\painel-TCC\\frontend\\src\\components\\LoadingSpinner.jsx": {"path":"D:\\Documents\\painel-TCC\\frontend\\src\\components\\LoadingSpinner.jsx","statementMap":{"0":{"start":{"line":1,"column":14},"end":{"line":5,"column":null}},"1":{"start":{"line":9,"column":4},"end":{"line":11,"column":null}},"2":{"start":{"line":14,"column":2},"end":{"line":20,"column":null}},"3":{"start":{"line":15,"column":4},"end":{"line":18,"column":null}},"4":{"start":{"line":22,"column":2},"end":{"line":22,"column":null}}},"fnMap":{"0":{"name":"LoadingSpinner","decl":{"start":{"line":7,"column":24},"end":{"line":7,"column":39}},"loc":{"start":{"line":7,"column":74},"end":{"line":23,"column":null}},"line":7}},"branchMap":{"0":{"loc":{"start":{"line":7,"column":41},"end":{"line":7,"column":54}},"type":"default-arg","locations":[{"start":{"line":7,"column":48},"end":{"line":7,"column":54}}],"line":7},"1":{"loc":{"start":{"line":7,"column":54},"end":{"line":7,"column":74}},"type":"default-arg","locations":[{"start":{"line":7,"column":65},"end":{"line":7,"column":74}}],"line":7},"2":{"loc":{"start":{"line":14,"column":2},"end":{"line":20,"column":null}},"type":"if","locations":[{"start":{"line":14,"column":2},"end":{"line":20,"column":null}},{"start":{},"end":{}}],"line":14}},"s":{"0":3,"1":10,"2":10,"3":1,"4":9},"f":{"0":10},"b":{"0":[10],"1":[10],"2":[1,9]},"meta":{"lastBranch":3,"lastFunction":1,"lastStatement":5,"seen":{"s:1:14:5:Infinity":0,"f:7:24:7:39":0,"b:7:48:7:54":0,"b:7:65:7:74":1,"s:9:4:11:Infinity":1,"b:14:2:20:Infinity:undefined:undefined:undefined:undefined":2,"s:14:2:20:Infinity":2,"s:15:4:18:Infinity":3,"s:22:2:22:Infinity":4},"fnNames":{}}}
,"D:\\Documents\\painel-TCC\\frontend\\src\\components\\Sidebar.jsx": {"path":"D:\\Documents\\painel-TCC\\frontend\\src\\components\\Sidebar.jsx","statementMap":{"0":{"start":{"line":10,"column":14},"end":{"line":21,"column":null}},"1":{"start":{"line":23,"column":6},"end":{"line":29,"column":null}},"2":{"start":{"line":24,"column":2},"end":{"line":29,"column":null}},"3":{"start":{"line":32,"column":10},"end":{"line":32,"column":null}},"4":{"start":{"line":33,"column":16},"end":{"line":33,"column":null}},"5":{"start":{"line":34,"column":8},"end":{"line":34,"column":null}},"6":{"start":{"line":37,"column":4},"end":{"line":37,"column":null}},"7":{"start":{"line":38,"column":4},"end":{"line":38,"column":null}},"8":{"start":{"line":41,"column":2},"end":{"line":103,"column":null}},"9":{"start":{"line":69,"column":12},"end":{"line":81,"column":null}}},"fnMap":{"0":{"name":"(anonymous_0)","decl":{"start":{"line":23,"column":6},"end":{"line":23,"column":19}},"loc":{"start":{"line":24,"column":2},"end":{"line":29,"column":null}},"line":24},"1":{"name":"Sidebar","decl":{"start":{"line":31,"column":24},"end":{"line":31,"column":32}},"loc":{"start":{"line":31,"column":53},"end":{"line":105,"column":null}},"line":31},"2":{"name":"handleLogout","decl":{"start":{"line":36,"column":11},"end":{"line":36,"column":26}},"loc":{"start":{"line":36,"column":26},"end":{"line":39,"column":null}},"line":36},"3":{"name":"(anonymous_3)","decl":{"start":{"line":68,"column":17},"end":{"line":68,"column":22}},"loc":{"start":{"line":69,"column":12},"end":{"line":81,"column":null}},"line":69}},"branchMap":{"0":{"loc":{"start":{"line":26,"column":4},"end":{"line":28,"column":null}},"type":"cond-expr","locations":[{"start":{"line":27,"column":8},"end":{"line":27,"column":null}},{"start":{"line":28,"column":8},"end":{"line":28,"column":null}}],"line":26},"1":{"loc":{"start":{"line":44,"column":7},"end":{"line":51,"column":7}},"type":"binary-expr","locations":[{"start":{"line":44,"column":7},"end":{"line":44,"column":null}},{"start":{"line":45,"column":8},"end":{"line":51,"column":7}}],"line":44},"2":{"loc":{"start":{"line":55,"column":10},"end":{"line":55,"column":null}},"type":"cond-expr","locations":[{"start":{"line":55,"column":19},"end":{"line":55,"column":37}},{"start":{"line":55,"column":37},"end":{"line":55,"column":null}}],"line":55},"3":{"loc":{"start":{"line":76,"column":15},"end":{"line":80,"column":15}},"type":"cond-expr","locations":[{"start":{"line":77,"column":18},"end":{"line":78,"column":19}},{"start":{"line":78,"column":18},"end":{"line":80,"column":15}}],"line":76},"4":{"loc":{"start":{"line":91,"column":19},"end":{"line":91,"column":44}},"type":"cond-expr","locations":[{"start":{"line":91,"column":26},"end":{"line":91,"column":33}},{"start":{"line":91,"column":33},"end":{"line":91,"column":44}}],"line":91},"5":{"loc":{"start":{"line":92,"column":19},"end":{"line":92,"column":61}},"type":"cond-expr","locations":[{"start":{"line":92,"column":26},"end":{"line":92,"column":41}},{"start":{"line":92,"column":41},"end":{"line":92,"column":61}}],"line":92}},"s":{"0":1,"1":1,"2":0,"3":4,"4":4,"5":4,"6":1,"7":1,"8":4,"9":40},"f":{"0":0,"1":4,"2":1,"3":40},"b":{"0":[0,0],"1":[4,4],"2":[4,0],"3":[36,4],"4":[0,4],"5":[0,4]},"meta":{"lastBranch":6,"lastFunction":4,"lastStatement":10,"seen":{"s:10:14:21:Infinity":0,"s:23:6:29:Infinity":1,"f:23:6:23:19":0,"s:24:2:29:Infinity":2,"b:27:8:27:Infinity:28:8:28:Infinity":0,"f:31:24:31:32":1,"s:32:10:32:Infinity":3,"s:33:16:33:Infinity":4,"s:34:8:34:Infinity":5,"f:36:11:36:26":2,"s:37:4:37:Infinity":6,"s:38:4:38:Infinity":7,"s:41:2:103:Infinity":8,"b:44:7:44:Infinity:45:8:51:7":1,"b:55:19:55:37:55:37:55:Infinity":2,"f:68:17:68:22":3,"s:69:12:81:Infinity":9,"b:77:18:78:19:78:18:80:15":3,"b:91:26:91:33:91:33:91:44":4,"b:92:26:92:41:92:41:92:61":5},"fnNames":{}}}
,"D:\\Documents\\painel-TCC\\frontend\\src\\components\\SkeletonCard.jsx": {"path":"D:\\Documents\\painel-TCC\\frontend\\src\\components\\SkeletonCard.jsx","statementMap":{"0":{"start":{"line":2,"column":2},"end":{"line":3,"column":null}}},"fnMap":{"0":{"name":"SkeletonCard","decl":{"start":{"line":1,"column":24},"end":{"line":1,"column":39}},"loc":{"start":{"line":1,"column":39},"end":{"line":5,"column":null}},"line":1}},"branchMap":{},"s":{"0":247},"f":{"0":247},"b":{},"meta":{"lastBranch":0,"lastFunction":1,"lastStatement":1,"seen":{"f:1:24:1:39":0,"s:2:2:3:Infinity":0},"fnNames":{}}}
,"D:\\Documents\\painel-TCC\\frontend\\src\\components\\SkeletonTabela.jsx": {"path":"D:\\Documents\\painel-TCC\\frontend\\src\\components\\SkeletonTabela.jsx","statementMap":{"0":{"start":{"line":2,"column":2},"end":{"line":8,"column":null}},"1":{"start":{"line":6,"column":8},"end":{"line":6,"column":null}}},"fnMap":{"0":{"name":"SkeletonTabela","decl":{"start":{"line":1,"column":24},"end":{"line":1,"column":39}},"loc":{"start":{"line":1,"column":55},"end":{"line":10,"column":null}},"line":1},"1":{"name":"(anonymous_1)","decl":{"start":{"line":5,"column":38},"end":{"line":5,"column":43}},"loc":{"start":{"line":6,"column":8},"end":{"line":6,"column":null}},"line":6}},"branchMap":{"0":{"loc":{"start":{"line":1,"column":41},"end":{"line":1,"column":55}},"type":"default-arg","locations":[{"start":{"line":1,"column":50},"end":{"line":1,"column":55}}],"line":1}},"s":{"0":80,"1":393},"f":{"0":80,"1":393},"b":{"0":[80]},"meta":{"lastBranch":1,"lastFunction":2,"lastStatement":2,"seen":{"f:1:24:1:39":0,"b:1:50:1:55":0,"s:2:2:8:Infinity":0,"f:5:38:5:43":1,"s:6:8:6:Infinity":1},"fnNames":{}}}
,"D:\\Documents\\painel-TCC\\frontend\\src\\components\\TabelaPaginada.jsx": {"path":"D:\\Documents\\painel-TCC\\frontend\\src\\components\\TabelaPaginada.jsx","statementMap":{"0":{"start":{"line":13,"column":2},"end":{"line":13,"column":null}},"1":{"start":{"line":13,"column":15},"end":{"line":13,"column":null}},"2":{"start":{"line":15,"column":23},"end":{"line":15,"column":null}},"3":{"start":{"line":17,"column":2},"end":{"line":78,"column":null}},"4":{"start":{"line":24,"column":16},"end":{"line":26,"column":null}},"5":{"start":{"line":39,"column":16},"end":{"line":50,"column":null}},"6":{"start":{"line":46,"column":20},"end":{"line":48,"column":null}}},"fnMap":{"0":{"name":"TabelaPaginada","decl":{"start":{"line":3,"column":24},"end":{"line":3,"column":39}},"loc":{"start":{"line":12,"column":3},"end":{"line":80,"column":null}},"line":12},"1":{"name":"(anonymous_1)","decl":{"start":{"line":23,"column":23},"end":{"line":23,"column":28}},"loc":{"start":{"line":24,"column":16},"end":{"line":26,"column":null}},"line":24},"2":{"name":"(anonymous_2)","decl":{"start":{"line":38,"column":20},"end":{"line":38,"column":25}},"loc":{"start":{"line":39,"column":16},"end":{"line":50,"column":null}},"line":39},"3":{"name":"(anonymous_3)","decl":{"start":{"line":45,"column":27},"end":{"line":45,"column":32}},"loc":{"start":{"line":46,"column":20},"end":{"line":48,"column":null}},"line":46}},"branchMap":{"0":{"loc":{"start":{"line":4,"column":2},"end":{"line":4,"column":null}},"type":"default-arg","locations":[{"start":{"line":4,"column":12},"end":{"line":4,"column":null}}],"line":4},"1":{"loc":{"start":{"line":5,"column":2},"end":{"line":5,"column":null}},"type":"default-arg","locations":[{"start":{"line":5,"column":10},"end":{"line":5,"column":null}}],"line":5},"2":{"loc":{"start":{"line":6,"column":2},"end":{"line":6,"column":null}},"type":"default-arg","locations":[{"start":{"line":6,"column":12},"end":{"line":6,"column":null}}],"line":6},"3":{"loc":{"start":{"line":7,"column":2},"end":{"line":7,"column":null}},"type":"default-arg","locations":[{"start":{"line":7,"column":17},"end":{"line":7,"column":null}}],"line":7},"4":{"loc":{"start":{"line":13,"column":2},"end":{"line":13,"column":null}},"type":"if","locations":[{"start":{"line":13,"column":2},"end":{"line":13,"column":null}},{"start":{},"end":{}}],"line":13},"5":{"loc":{"start":{"line":15,"column":23},"end":{"line":15,"column":null}},"type":"binary-expr","locations":[{"start":{"line":15,"column":23},"end":{"line":15,"column":47}},{"start":{"line":15,"column":47},"end":{"line":15,"column":null}}],"line":15},"6":{"loc":{"start":{"line":31,"column":13},"end":{"line":51,"column":null}},"type":"cond-expr","locations":[{"start":{"line":32,"column":14},"end":{"line":38,"column":20}},{"start":{"line":38,"column":14},"end":{"line":51,"column":null}}],"line":31},"7":{"loc":{"start":{"line":42,"column":20},"end":{"line":42,"column":null}},"type":"cond-expr","locations":[{"start":{"line":42,"column":34},"end":{"line":42,"column":64}},{"start":{"line":42,"column":64},"end":{"line":42,"column":null}}],"line":42},"8":{"loc":{"start":{"line":47,"column":23},"end":{"line":47,"column":null}},"type":"cond-expr","locations":[{"start":{"line":47,"column":36},"end":{"line":47,"column":72}},{"start":{"line":47,"column":72},"end":{"line":47,"column":null}}],"line":47},"9":{"loc":{"start":{"line":57,"column":7},"end":{"line":78,"column":null}},"type":"binary-expr","locations":[{"start":{"line":57,"column":7},"end":{"line":57,"column":null}},{"start":{"line":58,"column":8},"end":{"line":78,"column":null}}],"line":57}},"s":{"0":148,"1":76,"2":72,"3":148,"4":358,"5":77,"6":368},"f":{"0":148,"1":358,"2":77,"3":368},"b":{"0":[148],"1":[148],"2":[148],"3":[148],"4":[76,72],"5":[72,5],"6":[2,70],"7":[70,7],"8":[1,367],"9":[148,5]},"meta":{"lastBranch":10,"lastFunction":4,"lastStatement":7,"seen":{"f:3:24:3:39":0,"b:4:12:4:Infinity":0,"b:5:10:5:Infinity":1,"b:6:12:6:Infinity":2,"b:7:17:7:Infinity":3,"b:13:2:13:Infinity:undefined:undefined:undefined:undefined":4,"s:13:2:13:Infinity":0,"s:13:15:13:Infinity":1,"s:15:23:15:Infinity":2,"b:15:23:15:47:15:47:15:Infinity":5,"s:17:2:78:Infinity":3,"f:23:23:23:28":1,"s:24:16:26:Infinity":4,"b:32:14:38:20:38:14:51:Infinity":6,"f:38:20:38:25":2,"s:39:16:50:Infinity":5,"b:42:34:42:64:42:64:42:Infinity":7,"f:45:27:45:32":3,"s:46:20:48:Infinity":6,"b:47:36:47:72:47:72:47:Infinity":8,"b:57:7:57:Infinity:58:8:78:Infinity":9},"fnNames":{}}}
,"D:\\Documents\\painel-TCC\\frontend\\src\\components\\TooltipGrafico.jsx": {"path":"D:\\Documents\\painel-TCC\\frontend\\src\\components\\TooltipGrafico.jsx","statementMap":{"0":{"start":{"line":2,"column":2},"end":{"line":2,"column":null}},"1":{"start":{"line":2,"column":35},"end":{"line":2,"column":null}},"2":{"start":{"line":4,"column":2},"end":{"line":19,"column":null}},"3":{"start":{"line":9,"column":10},"end":{"line":11,"column":null}},"4":{"start":{"line":12,"column":29},"end":{"line":12,"column":null}},"5":{"start":{"line":13,"column":8},"end":{"line":16,"column":null}}},"fnMap":{"0":{"name":"TooltipGrafico","decl":{"start":{"line":1,"column":24},"end":{"line":1,"column":39}},"loc":{"start":{"line":1,"column":89},"end":{"line":21,"column":null}},"line":1},"1":{"name":"(anonymous_1)","decl":{"start":{"line":7,"column":15},"end":{"line":7,"column":20}},"loc":{"start":{"line":7,"column":32},"end":{"line":18,"column":7}},"line":7}},"branchMap":{"0":{"loc":{"start":{"line":2,"column":2},"end":{"line":2,"column":null}},"type":"if","locations":[{"start":{"line":2,"column":2},"end":{"line":2,"column":null}},{"start":{},"end":{}}],"line":2},"1":{"loc":{"start":{"line":2,"column":6},"end":{"line":2,"column":35}},"type":"binary-expr","locations":[{"start":{"line":2,"column":6},"end":{"line":2,"column":17}},{"start":{"line":2,"column":17},"end":{"line":2,"column":35}}],"line":2},"2":{"loc":{"start":{"line":9,"column":10},"end":{"line":11,"column":null}},"type":"cond-expr","locations":[{"start":{"line":10,"column":14},"end":{"line":10,"column":null}},{"start":{"line":11,"column":14},"end":{"line":11,"column":null}}],"line":9},"3":{"loc":{"start":{"line":12,"column":29},"end":{"line":12,"column":null}},"type":"cond-expr","locations":[{"start":{"line":12,"column":45},"end":{"line":12,"column":73}},{"start":{"line":12,"column":73},"end":{"line":12,"column":null}}],"line":12}},"s":{"0":8,"1":3,"2":5,"3":6,"4":6,"5":6},"f":{"0":8,"1":6},"b":{"0":[3,5],"1":[8,7],"2":[1,5],"3":[1,5]},"meta":{"lastBranch":4,"lastFunction":2,"lastStatement":6,"seen":{"f:1:24:1:39":0,"b:2:2:2:Infinity:undefined:undefined:undefined:undefined":0,"s:2:2:2:Infinity":0,"b:2:6:2:17:2:17:2:35":1,"s:2:35:2:Infinity":1,"s:4:2:19:Infinity":2,"f:7:15:7:20":1,"s:9:10:11:Infinity":3,"b:10:14:10:Infinity:11:14:11:Infinity":2,"s:12:29:12:Infinity":4,"b:12:45:12:73:12:73:12:Infinity":3,"s:13:8:16:Infinity":5},"fnNames":{}}}
,"D:\\Documents\\painel-TCC\\frontend\\src\\context\\AuthContext.jsx": {"path":"D:\\Documents\\painel-TCC\\frontend\\src\\context\\AuthContext.jsx","statementMap":{"0":{"start":{"line":4,"column":6},"end":{"line":4,"column":null}},"1":{"start":{"line":7,"column":16},"end":{"line":7,"column":null}},"2":{"start":{"line":7,"column":43},"end":{"line":7,"column":72}},"3":{"start":{"line":10,"column":4},"end":{"line":20,"column":null}},"4":{"start":{"line":11,"column":19},"end":{"line":11,"column":null}},"5":{"start":{"line":12,"column":24},"end":{"line":12,"column":null}},"6":{"start":{"line":13,"column":6},"end":{"line":13,"column":null}},"7":{"start":{"line":14,"column":6},"end":{"line":14,"column":null}},"8":{"start":{"line":15,"column":6},"end":{"line":15,"column":null}},"9":{"start":{"line":18,"column":8},"end":{"line":18,"column":null}},"10":{"start":{"line":19,"column":6},"end":{"line":19,"column":null}},"11":{"start":{"line":24,"column":4},"end":{"line":24,"column":null}},"12":{"start":{"line":25,"column":4},"end":{"line":25,"column":null}},"13":{"start":{"line":28,"column":2},"end":{"line":31,"column":null}},"14":{"start":{"line":36,"column":8},"end":{"line":36,"column":null}},"15":{"start":{"line":37,"column":2},"end":{"line":37,"column":null}},"16":{"start":{"line":37,"column":12},"end":{"line":37,"column":null}},"17":{"start":{"line":38,"column":2},"end":{"line":38,"column":null}}},"fnMap":{"0":{"name":"AuthProvider","decl":{"start":{"line":6,"column":16},"end":{"line":6,"column":29}},"loc":{"start":{"line":6,"column":43},"end":{"line":33,"column":null}},"line":6},"1":{"name":"(anonymous_1)","decl":{"start":{"line":7,"column":28},"end":{"line":7,"column":43}},"loc":{"start":{"line":7,"column":43},"end":{"line":7,"column":72}},"line":7},"2":{"name":"entrar","decl":{"start":{"line":9,"column":17},"end":{"line":9,"column":24}},"loc":{"start":{"line":9,"column":44},"end":{"line":21,"column":null}},"line":9},"3":{"name":"sair","decl":{"start":{"line":23,"column":11},"end":{"line":23,"column":18}},"loc":{"start":{"line":23,"column":18},"end":{"line":26,"column":null}},"line":23},"4":{"name":"useAuth","decl":{"start":{"line":35,"column":16},"end":{"line":35,"column":26}},"loc":{"start":{"line":35,"column":26},"end":{"line":39,"column":null}},"line":35}},"branchMap":{"0":{"loc":{"start":{"line":18,"column":8},"end":{"line":18,"column":null}},"type":"binary-expr","locations":[{"start":{"line":18,"column":8},"end":{"line":18,"column":38}},{"start":{"line":18,"column":38},"end":{"line":18,"column":null}}],"line":18},"1":{"loc":{"start":{"line":37,"column":2},"end":{"line":37,"column":null}},"type":"if","locations":[{"start":{"line":37,"column":2},"end":{"line":37,"column":null}},{"start":{},"end":{}}],"line":37}},"s":{"0":1,"1":10,"2":7,"3":4,"4":4,"5":2,"6":2,"7":2,"8":2,"9":2,"10":2,"11":1,"12":1,"13":10,"14":15,"15":15,"16":2,"17":12},"f":{"0":10,"1":7,"2":4,"3":1,"4":15},"b":{"0":[2,1],"1":[2,13]},"meta":{"lastBranch":2,"lastFunction":5,"lastStatement":18,"seen":{"s:4:6:4:Infinity":0,"f:6:16:6:29":0,"s:7:16:7:Infinity":1,"f:7:28:7:43":1,"s:7:43:7:72":2,"f:9:17:9:24":2,"s:10:4:20:Infinity":3,"s:11:19:11:Infinity":4,"s:12:24:12:Infinity":5,"s:13:6:13:Infinity":6,"s:14:6:14:Infinity":7,"s:15:6:15:Infinity":8,"s:18:8:18:Infinity":9,"b:18:8:18:38:18:38:18:Infinity":0,"s:19:6:19:Infinity":10,"f:23:11:23:18":3,"s:24:4:24:Infinity":11,"s:25:4:25:Infinity":12,"s:28:2:31:Infinity":13,"f:35:16:35:26":4,"s:36:8:36:Infinity":14,"b:37:2:37:Infinity:undefined:undefined:undefined:undefined":1,"s:37:2:37:Infinity":15,"s:37:12:37:Infinity":16,"s:38:2:38:Infinity":17},"fnNames":{}}}
,"D:\\Documents\\painel-TCC\\frontend\\src\\context\\ThemeContext.jsx": {"path":"D:\\Documents\\painel-TCC\\frontend\\src\\context\\ThemeContext.jsx","statementMap":{"0":{"start":{"line":3,"column":6},"end":{"line":3,"column":null}},"1":{"start":{"line":6,"column":16},"end":{"line":6,"column":null}},"2":{"start":{"line":7,"column":15},"end":{"line":7,"column":null}},"3":{"start":{"line":8,"column":2},"end":{"line":8,"column":null}},"4":{"start":{"line":8,"column":12},"end":{"line":8,"column":null}},"5":{"start":{"line":9,"column":2},"end":{"line":9,"column":null}},"6":{"start":{"line":13,"column":15},"end":{"line":13,"column":null}},"7":{"start":{"line":16,"column":4},"end":{"line":21,"column":null}},"8":{"start":{"line":17,"column":19},"end":{"line":17,"column":null}},"9":{"start":{"line":18,"column":6},"end":{"line":18,"column":null}},"10":{"start":{"line":19,"column":6},"end":{"line":19,"column":null}},"11":{"start":{"line":20,"column":6},"end":{"line":20,"column":null}},"12":{"start":{"line":24,"column":2},"end":{"line":27,"column":null}},"13":{"start":{"line":32,"column":8},"end":{"line":32,"column":null}},"14":{"start":{"line":33,"column":2},"end":{"line":33,"column":null}},"15":{"start":{"line":33,"column":12},"end":{"line":33,"column":null}},"16":{"start":{"line":34,"column":2},"end":{"line":34,"column":null}}},"fnMap":{"0":{"name":"initDark","decl":{"start":{"line":5,"column":9},"end":{"line":5,"column":20}},"loc":{"start":{"line":5,"column":20},"end":{"line":10,"column":null}},"line":5},"1":{"name":"ThemeProvider","decl":{"start":{"line":12,"column":16},"end":{"line":12,"column":30}},"loc":{"start":{"line":12,"column":44},"end":{"line":29,"column":null}},"line":12},"2":{"name":"toggleTheme","decl":{"start":{"line":15,"column":11},"end":{"line":15,"column":25}},"loc":{"start":{"line":15,"column":25},"end":{"line":22,"column":null}},"line":15},"3":{"name":"(anonymous_3)","decl":{"start":{"line":16,"column":4},"end":{"line":16,"column":13}},"loc":{"start":{"line":16,"column":22},"end":{"line":21,"column":5}},"line":16},"4":{"name":"useTheme","decl":{"start":{"line":31,"column":16},"end":{"line":31,"column":27}},"loc":{"start":{"line":31,"column":27},"end":{"line":35,"column":null}},"line":31}},"branchMap":{"0":{"loc":{"start":{"line":8,"column":2},"end":{"line":8,"column":null}},"type":"if","locations":[{"start":{"line":8,"column":2},"end":{"line":8,"column":null}},{"start":{},"end":{}}],"line":8},"1":{"loc":{"start":{"line":19,"column":36},"end":{"line":19,"column":59}},"type":"cond-expr","locations":[{"start":{"line":19,"column":43},"end":{"line":19,"column":52}},{"start":{"line":19,"column":52},"end":{"line":19,"column":59}}],"line":19},"2":{"loc":{"start":{"line":33,"column":2},"end":{"line":33,"column":null}},"type":"if","locations":[{"start":{"line":33,"column":2},"end":{"line":33,"column":null}},{"start":{},"end":{}}],"line":33}},"s":{"0":1,"1":7,"2":7,"3":7,"4":1,"5":7,"6":14,"7":7,"8":7,"9":7,"10":7,"11":7,"12":14,"13":17,"14":17,"15":2,"16":14},"f":{"0":7,"1":14,"2":7,"3":7,"4":17},"b":{"0":[1,6],"1":[5,2],"2":[2,15]},"meta":{"lastBranch":3,"lastFunction":5,"lastStatement":17,"seen":{"s:3:6:3:Infinity":0,"f:5:9:5:20":0,"s:6:16:6:Infinity":1,"s:7:15:7:Infinity":2,"b:8:2:8:Infinity:undefined:undefined:undefined:undefined":0,"s:8:2:8:Infinity":3,"s:8:12:8:Infinity":4,"s:9:2:9:Infinity":5,"f:12:16:12:30":1,"s:13:15:13:Infinity":6,"f:15:11:15:25":2,"s:16:4:21:Infinity":7,"f:16:4:16:13":3,"s:17:19:17:Infinity":8,"s:18:6:18:Infinity":9,"s:19:6:19:Infinity":10,"b:19:43:19:52:19:52:19:59":1,"s:20:6:20:Infinity":11,"s:24:2:27:Infinity":12,"f:31:16:31:27":4,"s:32:8:32:Infinity":13,"b:33:2:33:Infinity:undefined:undefined:undefined:undefined":2,"s:33:2:33:Infinity":14,"s:33:12:33:Infinity":15,"s:34:2:34:Infinity":16},"fnNames":{}}}
,"D:\\Documents\\painel-TCC\\frontend\\src\\pages\\Bolsistas.jsx": {"path":"D:\\Documents\\painel-TCC\\frontend\\src\\pages\\Bolsistas.jsx","statementMap":{"0":{"start":{"line":14,"column":21},"end":{"line":18,"column":null}},"1":{"start":{"line":21,"column":2},"end":{"line":21,"column":null}},"2":{"start":{"line":21,"column":25},"end":{"line":21,"column":64}},"3":{"start":{"line":25,"column":2},"end":{"line":25,"column":null}},"4":{"start":{"line":25,"column":15},"end":{"line":25,"column":null}},"5":{"start":{"line":26,"column":2},"end":{"line":30,"column":null}},"6":{"start":{"line":35,"column":25},"end":{"line":35,"column":null}},"7":{"start":{"line":36,"column":25},"end":{"line":36,"column":null}},"8":{"start":{"line":37,"column":25},"end":{"line":37,"column":null}},"9":{"start":{"line":39,"column":27},"end":{"line":39,"column":null}},"10":{"start":{"line":40,"column":27},"end":{"line":40,"column":null}},"11":{"start":{"line":41,"column":27},"end":{"line":41,"column":null}},"12":{"start":{"line":42,"column":27},"end":{"line":42,"column":null}},"13":{"start":{"line":44,"column":25},"end":{"line":44,"column":null}},"14":{"start":{"line":45,"column":25},"end":{"line":45,"column":null}},"15":{"start":{"line":47,"column":8},"end":{"line":47,"column":null}},"16":{"start":{"line":49,"column":2},"end":{"line":52,"column":null}},"17":{"start":{"line":50,"column":4},"end":{"line":50,"column":null}},"18":{"start":{"line":50,"column":67},"end":{"line":50,"column":88}},"19":{"start":{"line":51,"column":4},"end":{"line":51,"column":null}},"20":{"start":{"line":54,"column":2},"end":{"line":65,"column":null}},"21":{"start":{"line":55,"column":4},"end":{"line":55,"column":null}},"22":{"start":{"line":56,"column":4},"end":{"line":64,"column":null}},"23":{"start":{"line":64,"column":21},"end":{"line":64,"column":45}},"24":{"start":{"line":68,"column":4},"end":{"line":68,"column":null}},"25":{"start":{"line":69,"column":4},"end":{"line":69,"column":null}},"26":{"start":{"line":70,"column":4},"end":{"line":70,"column":null}},"27":{"start":{"line":71,"column":4},"end":{"line":71,"column":null}},"28":{"start":{"line":74,"column":22},"end":{"line":74,"column":null}},"29":{"start":{"line":74,"column":54},"end":{"line":74,"column":74}},"30":{"start":{"line":76,"column":2},"end":{"line":144,"column":null}},"31":{"start":{"line":117,"column":20},"end":{"line":117,"column":null}},"32":{"start":{"line":122,"column":20},"end":{"line":122,"column":null}},"33":{"start":{"line":133,"column":20},"end":{"line":133,"column":null}}},"fnMap":{"0":{"name":"toOpts","decl":{"start":{"line":20,"column":9},"end":{"line":20,"column":16}},"loc":{"start":{"line":20,"column":26},"end":{"line":22,"column":null}},"line":20},"1":{"name":"(anonymous_1)","decl":{"start":{"line":21,"column":13},"end":{"line":21,"column":18}},"loc":{"start":{"line":21,"column":25},"end":{"line":21,"column":64}},"line":21},"2":{"name":"CardGrande","decl":{"start":{"line":24,"column":9},"end":{"line":24,"column":20}},"loc":{"start":{"line":24,"column":48},"end":{"line":32,"column":null}},"line":24},"3":{"name":"Bolsistas","decl":{"start":{"line":34,"column":24},"end":{"line":34,"column":36}},"loc":{"start":{"line":34,"column":36},"end":{"line":146,"column":null}},"line":34},"4":{"name":"(anonymous_4)","decl":{"start":{"line":49,"column":2},"end":{"line":49,"column":18}},"loc":{"start":{"line":49,"column":18},"end":{"line":52,"column":5}},"line":49},"5":{"name":"(anonymous_5)","decl":{"start":{"line":50,"column":37},"end":{"line":50,"column":49}},"loc":{"start":{"line":50,"column":49},"end":{"line":50,"column":51}},"line":50},"6":{"name":"(anonymous_6)","decl":{"start":{"line":50,"column":53},"end":{"line":50,"column":67}},"loc":{"start":{"line":50,"column":67},"end":{"line":50,"column":88}},"line":50},"7":{"name":"(anonymous_7)","decl":{"start":{"line":51,"column":42},"end":{"line":51,"column":54}},"loc":{"start":{"line":51,"column":54},"end":{"line":51,"column":56}},"line":51},"8":{"name":"(anonymous_8)","decl":{"start":{"line":54,"column":2},"end":{"line":54,"column":18}},"loc":{"start":{"line":54,"column":18},"end":{"line":65,"column":5}},"line":54},"9":{"name":"(anonymous_9)","decl":{"start":{"line":63,"column":7},"end":{"line":63,"column":19}},"loc":{"start":{"line":63,"column":19},"end":{"line":63,"column":21}},"line":63},"10":{"name":"(anonymous_10)","decl":{"start":{"line":64,"column":7},"end":{"line":64,"column":21}},"loc":{"start":{"line":64,"column":21},"end":{"line":64,"column":45}},"line":64},"11":{"name":"limparFiltros","decl":{"start":{"line":67,"column":11},"end":{"line":67,"column":27}},"loc":{"start":{"line":67,"column":27},"end":{"line":72,"column":null}},"line":67},"12":{"name":"(anonymous_12)","decl":{"start":{"line":74,"column":37},"end":{"line":74,"column":45}},"loc":{"start":{"line":74,"column":54},"end":{"line":74,"column":74}},"line":74},"13":{"name":"(anonymous_13)","decl":{"start":{"line":116,"column":18},"end":{"line":116,"column":26}},"loc":{"start":{"line":117,"column":20},"end":{"line":117,"column":null}},"line":117},"14":{"name":"(anonymous_14)","decl":{"start":{"line":121,"column":34},"end":{"line":121,"column":39}},"loc":{"start":{"line":122,"column":20},"end":{"line":122,"column":null}},"line":122},"15":{"name":"(anonymous_15)","decl":{"start":{"line":132,"column":18},"end":{"line":132,"column":30}},"loc":{"start":{"line":133,"column":20},"end":{"line":133,"column":null}},"line":133}},"branchMap":{"0":{"loc":{"start":{"line":20,"column":16},"end":{"line":20,"column":26}},"type":"default-arg","locations":[{"start":{"line":20,"column":22},"end":{"line":20,"column":26}}],"line":20},"1":{"loc":{"start":{"line":25,"column":2},"end":{"line":25,"column":null}},"type":"if","locations":[{"start":{"line":25,"column":2},"end":{"line":25,"column":null}},{"start":{},"end":{}}],"line":25},"2":{"loc":{"start":{"line":29,"column":46},"end":{"line":29,"column":62}},"type":"binary-expr","locations":[{"start":{"line":29,"column":46},"end":{"line":29,"column":55}},{"start":{"line":29,"column":55},"end":{"line":29,"column":62}}],"line":29},"3":{"loc":{"start":{"line":57,"column":21},"end":{"line":57,"column":null}},"type":"binary-expr","locations":[{"start":{"line":57,"column":21},"end":{"line":57,"column":41}},{"start":{"line":57,"column":41},"end":{"line":57,"column":null}}],"line":57},"4":{"loc":{"start":{"line":58,"column":21},"end":{"line":58,"column":null}},"type":"binary-expr","locations":[{"start":{"line":58,"column":21},"end":{"line":58,"column":41}},{"start":{"line":58,"column":41},"end":{"line":58,"column":null}}],"line":58},"5":{"loc":{"start":{"line":59,"column":21},"end":{"line":59,"column":null}},"type":"binary-expr","locations":[{"start":{"line":59,"column":21},"end":{"line":59,"column":41}},{"start":{"line":59,"column":41},"end":{"line":59,"column":null}}],"line":59},"6":{"loc":{"start":{"line":60,"column":21},"end":{"line":60,"column":null}},"type":"binary-expr","locations":[{"start":{"line":60,"column":21},"end":{"line":60,"column":41}},{"start":{"line":60,"column":41},"end":{"line":60,"column":null}}],"line":60},"7":{"loc":{"start":{"line":74,"column":59},"end":{"line":74,"column":74}},"type":"binary-expr","locations":[{"start":{"line":74,"column":59},"end":{"line":74,"column":70}},{"start":{"line":74,"column":70},"end":{"line":74,"column":74}}],"line":74},"8":{"loc":{"start":{"line":104,"column":11},"end":{"line":139,"column":null}},"type":"cond-expr","locations":[{"start":{"line":105,"column":12},"end":{"line":107,"column":13}},{"start":{"line":107,"column":12},"end":{"line":139,"column":null}}],"line":104}},"s":{"0":1,"1":72,"2":64,"3":36,"4":20,"5":16,"6":18,"7":18,"8":18,"9":18,"10":18,"11":18,"12":18,"13":18,"14":18,"15":18,"16":18,"17":10,"18":10,"19":10,"20":18,"21":10,"22":10,"23":10,"24":0,"25":0,"26":0,"27":0,"28":18,"29":16,"30":18,"31":0,"32":16,"33":0},"f":{"0":72,"1":64,"2":36,"3":18,"4":10,"5":1,"6":10,"7":0,"8":10,"9":1,"10":10,"11":0,"12":16,"13":0,"14":16,"15":0},"b":{"0":[72],"1":[20,16],"2":[16,0],"3":[10,10],"4":[10,10],"5":[10,10],"6":[10,10],"7":[16,0],"8":[10,8]},"meta":{"lastBranch":9,"lastFunction":16,"lastStatement":34,"seen":{"s:14:21:18:Infinity":0,"f:20:9:20:16":0,"b:20:22:20:26":0,"s:21:2:21:Infinity":1,"f:21:13:21:18":1,"s:21:25:21:64":2,"f:24:9:24:20":2,"b:25:2:25:Infinity:undefined:undefined:undefined:undefined":1,"s:25:2:25:Infinity":3,"s:25:15:25:Infinity":4,"s:26:2:30:Infinity":5,"b:29:46:29:55:29:55:29:62":2,"f:34:24:34:36":3,"s:35:25:35:Infinity":6,"s:36:25:36:Infinity":7,"s:37:25:37:Infinity":8,"s:39:27:39:Infinity":9,"s:40:27:40:Infinity":10,"s:41:27:41:Infinity":11,"s:42:27:42:Infinity":12,"s:44:25:44:Infinity":13,"s:45:25:45:Infinity":14,"s:47:8:47:Infinity":15,"s:49:2:52:Infinity":16,"f:49:2:49:18":4,"s:50:4:50:Infinity":17,"f:50:37:50:49":5,"f:50:53:50:67":6,"s:50:67:50:88":18,"s:51:4:51:Infinity":19,"f:51:42:51:54":7,"s:54:2:65:Infinity":20,"f:54:2:54:18":8,"s:55:4:55:Infinity":21,"s:56:4:64:Infinity":22,"b:57:21:57:41:57:41:57:Infinity":3,"b:58:21:58:41:58:41:58:Infinity":4,"b:59:21:59:41:59:41:59:Infinity":5,"b:60:21:60:41:60:41:60:Infinity":6,"f:63:7:63:19":9,"f:64:7:64:21":10,"s:64:21:64:45":23,"f:67:11:67:27":11,"s:68:4:68:Infinity":24,"s:69:4:69:Infinity":25,"s:70:4:70:Infinity":26,"s:71:4:71:Infinity":27,"s:74:22:74:Infinity":28,"f:74:37:74:45":12,"s:74:54:74:74":29,"b:74:59:74:70:74:70:74:74":7,"s:76:2:144:Infinity":30,"b:105:12:107:13:107:12:139:Infinity":8,"f:116:18:116:26":13,"s:117:20:117:Infinity":31,"f:121:34:121:39":14,"s:122:20:122:Infinity":32,"f:132:18:132:30":15,"s:133:20:133:Infinity":33},"fnNames":{}}}
,"D:\\Documents\\painel-TCC\\frontend\\src\\pages\\Cadastro.jsx": {"path":"D:\\Documents\\painel-TCC\\frontend\\src\\pages\\Cadastro.jsx","statementMap":{"0":{"start":{"line":7,"column":19},"end":{"line":7,"column":null}},"1":{"start":{"line":8,"column":19},"end":{"line":8,"column":null}},"2":{"start":{"line":9,"column":20},"end":{"line":9,"column":null}},"3":{"start":{"line":10,"column":15},"end":{"line":10,"column":null}},"4":{"start":{"line":11,"column":18},"end":{"line":11,"column":null}},"5":{"start":{"line":12,"column":18},"end":{"line":12,"column":null}},"6":{"start":{"line":14,"column":8},"end":{"line":14,"column":null}},"7":{"start":{"line":17,"column":4},"end":{"line":17,"column":null}},"8":{"start":{"line":18,"column":4},"end":{"line":18,"column":null}},"9":{"start":{"line":20,"column":4},"end":{"line":23,"column":null}},"10":{"start":{"line":21,"column":6},"end":{"line":21,"column":null}},"11":{"start":{"line":22,"column":6},"end":{"line":22,"column":null}},"12":{"start":{"line":24,"column":4},"end":{"line":27,"column":null}},"13":{"start":{"line":25,"column":6},"end":{"line":25,"column":null}},"14":{"start":{"line":26,"column":6},"end":{"line":26,"column":null}},"15":{"start":{"line":28,"column":4},"end":{"line":31,"column":null}},"16":{"start":{"line":29,"column":6},"end":{"line":29,"column":null}},"17":{"start":{"line":30,"column":6},"end":{"line":30,"column":null}},"18":{"start":{"line":33,"column":4},"end":{"line":33,"column":null}},"19":{"start":{"line":34,"column":4},"end":{"line":42,"column":null}},"20":{"start":{"line":35,"column":6},"end":{"line":35,"column":null}},"21":{"start":{"line":36,"column":6},"end":{"line":36,"column":null}},"22":{"start":{"line":37,"column":6},"end":{"line":37,"column":null}},"23":{"start":{"line":37,"column":23},"end":{"line":37,"column":43}},"24":{"start":{"line":39,"column":6},"end":{"line":39,"column":null}},"25":{"start":{"line":41,"column":6},"end":{"line":41,"column":null}},"26":{"start":{"line":45,"column":2},"end":{"line":141,"column":null}},"27":{"start":{"line":73,"column":33},"end":{"line":73,"column":null}},"28":{"start":{"line":88,"column":33},"end":{"line":88,"column":null}},"29":{"start":{"line":103,"column":33},"end":{"line":103,"column":null}}},"fnMap":{"0":{"name":"Cadastro","decl":{"start":{"line":6,"column":24},"end":{"line":6,"column":35}},"loc":{"start":{"line":6,"column":35},"end":{"line":143,"column":null}},"line":6},"1":{"name":"handleSubmit","decl":{"start":{"line":16,"column":17},"end":{"line":16,"column":30}},"loc":{"start":{"line":16,"column":33},"end":{"line":43,"column":null}},"line":16},"2":{"name":"(anonymous_2)","decl":{"start":{"line":37,"column":6},"end":{"line":37,"column":23}},"loc":{"start":{"line":37,"column":23},"end":{"line":37,"column":43}},"line":37},"3":{"name":"(anonymous_3)","decl":{"start":{"line":73,"column":16},"end":{"line":73,"column":27}},"loc":{"start":{"line":73,"column":33},"end":{"line":73,"column":null}},"line":73},"4":{"name":"(anonymous_4)","decl":{"start":{"line":88,"column":16},"end":{"line":88,"column":27}},"loc":{"start":{"line":88,"column":33},"end":{"line":88,"column":null}},"line":88},"5":{"name":"(anonymous_5)","decl":{"start":{"line":103,"column":16},"end":{"line":103,"column":27}},"loc":{"start":{"line":103,"column":33},"end":{"line":103,"column":null}},"line":103}},"branchMap":{"0":{"loc":{"start":{"line":20,"column":4},"end":{"line":23,"column":null}},"type":"if","locations":[{"start":{"line":20,"column":4},"end":{"line":23,"column":null}},{"start":{},"end":{}}],"line":20},"1":{"loc":{"start":{"line":24,"column":4},"end":{"line":27,"column":null}},"type":"if","locations":[{"start":{"line":24,"column":4},"end":{"line":27,"column":null}},{"start":{},"end":{}}],"line":24},"2":{"loc":{"start":{"line":28,"column":4},"end":{"line":31,"column":null}},"type":"if","locations":[{"start":{"line":28,"column":4},"end":{"line":31,"column":null}},{"start":{},"end":{}}],"line":28},"3":{"loc":{"start":{"line":39,"column":14},"end":{"line":39,"column":81}},"type":"binary-expr","locations":[{"start":{"line":39,"column":14},"end":{"line":39,"column":44}},{"start":{"line":39,"column":44},"end":{"line":39,"column":81}}],"line":39},"4":{"loc":{"start":{"line":57,"column":9},"end":{"line":128,"column":null}},"type":"cond-expr","locations":[{"start":{"line":58,"column":10},"end":{"line":63,"column":11}},{"start":{"line":63,"column":10},"end":{"line":128,"column":null}}],"line":57},"5":{"loc":{"start":{"line":115,"column":15},"end":{"line":121,"column":null}},"type":"cond-expr","locations":[{"start":{"line":116,"column":16},"end":{"line":121,"column":null}},{"start":{"line":121,"column":16},"end":{"line":121,"column":null}}],"line":115},"6":{"loc":{"start":{"line":125,"column":13},"end":{"line":126,"column":null}},"type":"binary-expr","locations":[{"start":{"line":125,"column":13},"end":{"line":125,"column":null}},{"start":{"line":126,"column":14},"end":{"line":126,"column":null}}],"line":125}},"s":{"0":30,"1":30,"2":30,"3":30,"4":30,"5":30,"6":30,"7":5,"8":5,"9":5,"10":1,"11":1,"12":4,"13":1,"14":1,"15":3,"16":1,"17":1,"18":2,"19":2,"20":2,"21":2,"22":2,"23":0,"24":0,"25":2,"26":30,"27":5,"28":5,"29":5},"f":{"0":30,"1":5,"2":0,"3":5,"4":5,"5":5},"b":{"0":[1,4],"1":[1,3],"2":[1,2],"3":[0,0],"4":[2,28],"5":[2,26],"6":[28,3]},"meta":{"lastBranch":7,"lastFunction":6,"lastStatement":30,"seen":{"f:6:24:6:35":0,"s:7:19:7:Infinity":0,"s:8:19:8:Infinity":1,"s:9:20:9:Infinity":2,"s:10:15:10:Infinity":3,"s:11:18:11:Infinity":4,"s:12:18:12:Infinity":5,"s:14:8:14:Infinity":6,"f:16:17:16:30":1,"s:17:4:17:Infinity":7,"s:18:4:18:Infinity":8,"b:20:4:23:Infinity:undefined:undefined:undefined:undefined":0,"s:20:4:23:Infinity":9,"s:21:6:21:Infinity":10,"s:22:6:22:Infinity":11,"b:24:4:27:Infinity:undefined:undefined:undefined:undefined":1,"s:24:4:27:Infinity":12,"s:25:6:25:Infinity":13,"s:26:6:26:Infinity":14,"b:28:4:31:Infinity:undefined:undefined:undefined:undefined":2,"s:28:4:31:Infinity":15,"s:29:6:29:Infinity":16,"s:30:6:30:Infinity":17,"s:33:4:33:Infinity":18,"s:34:4:42:Infinity":19,"s:35:6:35:Infinity":20,"s:36:6:36:Infinity":21,"s:37:6:37:Infinity":22,"f:37:6:37:23":2,"s:37:23:37:43":23,"s:39:6:39:Infinity":24,"b:39:14:39:44:39:44:39:81":3,"s:41:6:41:Infinity":25,"s:45:2:141:Infinity":26,"b:58:10:63:11:63:10:128:Infinity":4,"f:73:16:73:27":3,"s:73:33:73:Infinity":27,"f:88:16:88:27":4,"s:88:33:88:Infinity":28,"f:103:16:103:27":5,"s:103:33:103:Infinity":29,"b:116:16:121:Infinity:121:16:121:Infinity":5,"b:125:13:125:Infinity:126:14:126:Infinity":6},"fnNames":{}}}
,"D:\\Documents\\painel-TCC\\frontend\\src\\pages\\EmpresasIncubadas.jsx": {"path":"D:\\Documents\\painel-TCC\\frontend\\src\\pages\\EmpresasIncubadas.jsx","statementMap":{"0":{"start":{"line":19,"column":16},"end":{"line":25,"column":null}},"1":{"start":{"line":27,"column":20},"end":{"line":29,"column":null}},"2":{"start":{"line":32,"column":2},"end":{"line":32,"column":null}},"3":{"start":{"line":32,"column":25},"end":{"line":32,"column":64}},"4":{"start":{"line":36,"column":29},"end":{"line":36,"column":null}},"5":{"start":{"line":37,"column":29},"end":{"line":37,"column":null}},"6":{"start":{"line":38,"column":29},"end":{"line":38,"column":null}},"7":{"start":{"line":39,"column":29},"end":{"line":39,"column":null}},"8":{"start":{"line":41,"column":27},"end":{"line":41,"column":null}},"9":{"start":{"line":42,"column":27},"end":{"line":42,"column":null}},"10":{"start":{"line":44,"column":25},"end":{"line":44,"column":null}},"11":{"start":{"line":45,"column":25},"end":{"line":45,"column":null}},"12":{"start":{"line":46,"column":25},"end":{"line":46,"column":null}},"13":{"start":{"line":48,"column":8},"end":{"line":48,"column":null}},"14":{"start":{"line":50,"column":24},"end":{"line":53,"column":null}},"15":{"start":{"line":55,"column":2},"end":{"line":58,"column":null}},"16":{"start":{"line":56,"column":4},"end":{"line":56,"column":null}},"17":{"start":{"line":56,"column":67},"end":{"line":56,"column":88}},"18":{"start":{"line":57,"column":4},"end":{"line":57,"column":null}},"19":{"start":{"line":60,"column":2},"end":{"line":63,"column":null}},"20":{"start":{"line":61,"column":4},"end":{"line":61,"column":null}},"21":{"start":{"line":62,"column":4},"end":{"line":62,"column":null}},"22":{"start":{"line":62,"column":103},"end":{"line":62,"column":127}},"23":{"start":{"line":65,"column":2},"end":{"line":71,"column":null}},"24":{"start":{"line":66,"column":4},"end":{"line":66,"column":null}},"25":{"start":{"line":67,"column":4},"end":{"line":70,"column":null}},"26":{"start":{"line":68,"column":22},"end":{"line":68,"column":83}},"27":{"start":{"line":70,"column":21},"end":{"line":70,"column":44}},"28":{"start":{"line":74,"column":4},"end":{"line":74,"column":null}},"29":{"start":{"line":75,"column":4},"end":{"line":75,"column":null}},"30":{"start":{"line":78,"column":21},"end":{"line":78,"column":null}},"31":{"start":{"line":78,"column":57},"end":{"line":78,"column":77}},"32":{"start":{"line":80,"column":2},"end":{"line":172,"column":null}},"33":{"start":{"line":138,"column":22},"end":{"line":138,"column":null}},"34":{"start":{"line":143,"column":22},"end":{"line":143,"column":null}},"35":{"start":{"line":148,"column":42},"end":{"line":148,"column":null}}},"fnMap":{"0":{"name":"toOpts","decl":{"start":{"line":31,"column":9},"end":{"line":31,"column":16}},"loc":{"start":{"line":31,"column":26},"end":{"line":33,"column":null}},"line":31},"1":{"name":"(anonymous_1)","decl":{"start":{"line":32,"column":13},"end":{"line":32,"column":18}},"loc":{"start":{"line":32,"column":25},"end":{"line":32,"column":64}},"line":32},"2":{"name":"EmpresasIncubadas","decl":{"start":{"line":35,"column":24},"end":{"line":35,"column":44}},"loc":{"start":{"line":35,"column":44},"end":{"line":174,"column":null}},"line":35},"3":{"name":"(anonymous_3)","decl":{"start":{"line":55,"column":2},"end":{"line":55,"column":18}},"loc":{"start":{"line":55,"column":18},"end":{"line":58,"column":5}},"line":55},"4":{"name":"(anonymous_4)","decl":{"start":{"line":56,"column":37},"end":{"line":56,"column":49}},"loc":{"start":{"line":56,"column":49},"end":{"line":56,"column":51}},"line":56},"5":{"name":"(anonymous_5)","decl":{"start":{"line":56,"column":53},"end":{"line":56,"column":67}},"loc":{"start":{"line":56,"column":67},"end":{"line":56,"column":88}},"line":56},"6":{"name":"(anonymous_6)","decl":{"start":{"line":57,"column":42},"end":{"line":57,"column":54}},"loc":{"start":{"line":57,"column":54},"end":{"line":57,"column":56}},"line":57},"7":{"name":"(anonymous_7)","decl":{"start":{"line":60,"column":2},"end":{"line":
[...]
us_11)","decl":{"start":{"line":76,"column":7},"end":{"line":76,"column":13}},"loc":{"start":{"line":76,"column":35},"end":{"line":76,"column":90}},"line":76},"12":{"name":"(anonymous_12)","decl":{"start":{"line":77,"column":7},"end":{"line":77,"column":19}},"loc":{"start":{"line":77,"column":19},"end":{"line":77,"column":21}},"line":77},"13":{"name":"(anonymous_13)","decl":{"start":{"line":78,"column":7},"end":{"line":78,"column":21}},"loc":{"start":{"line":78,"column":21},"end":{"line":78,"column":46}},"line":78},"14":{"name":"limparFiltros","decl":{"start":{"line":81,"column":11},"end":{"line":81,"column":27}},"loc":{"start":{"line":81,"column":27},"end":{"line":87,"column":null}},"line":81},"15":{"name":"(anonymous_15)","decl":{"start":{"line":89,"column":36},"end":{"line":89,"column":44}},"loc":{"start":{"line":89,"column":53},"end":{"line":89,"column":73}},"line":89},"16":{"name":"(anonymous_16)","decl":{"start":{"line":142,"column":20},"end":{"line":142,"column":28}},"loc":{"start":{"line":143,"column":22},"end":{"line":143,"column":null}},"line":143},"17":{"name":"(anonymous_17)","decl":{"start":{"line":147,"column":34},"end":{"line":147,"column":39}},"loc":{"start":{"line":148,"column":22},"end":{"line":148,"column":null}},"line":148},"18":{"name":"(anonymous_18)","decl":{"start":{"line":152,"column":26},"end":{"line":152,"column":38}},"loc":{"start":{"line":152,"column":48},"end":{"line":152,"column":null}},"line":152},"19":{"name":"(anonymous_19)","decl":{"start":{"line":176,"column":52},"end":{"line":176,"column":68}},"loc":{"start":{"line":176,"column":74},"end":{"line":176,"column":98}},"line":176}},"branchMap":{"0":{"loc":{"start":{"line":21,"column":16},"end":{"line":21,"column":26}},"type":"default-arg","locations":[{"start":{"line":21,"column":22},"end":{"line":21,"column":26}}],"line":21},"1":{"loc":{"start":{"line":26,"column":2},"end":{"line":26,"column":null}},"type":"if","locations":[{"start":{"line":26,"column":2},"end":{"line":26,"column":null}},{"start":{},"end":{}}],"line":26},"2":{"loc":{"start":{"line":61,"column":17},"end":{"line":61,"column":null}},"type":"binary-expr","locations":[{"start":{"line":61,"column":17},"end":{"line":61,"column":37}},{"start":{"line":61,"column":37},"end":{"line":61,"column":null}}],"line":61},"3":{"loc":{"start":{"line":62,"column":17},"end":{"line":62,"column":null}},"type":"binary-expr","locations":[{"start":{"line":62,"column":17},"end":{"line":62,"column":37}},{"start":{"line":62,"column":37},"end":{"line":62,"column":null}}],"line":62},"4":{"loc":{"start":{"line":63,"column":17},"end":{"line":63,"column":null}},"type":"binary-expr","locations":[{"start":{"line":63,"column":17},"end":{"line":63,"column":37}},{"start":{"line":63,"column":37},"end":{"line":63,"column":null}}],"line":63},"5":{"loc":{"start":{"line":64,"column":17},"end":{"line":64,"column":null}},"type":"binary-expr","locations":[{"start":{"line":64,"column":17},"end":{"line":64,"column":37}},{"start":{"line":64,"column":37},"end":{"line":64,"column":null}}],"line":64},"6":{"loc":{"start":{"line":65,"column":17},"end":{"line":65,"column":null}},"type":"binary-expr","locations":[{"start":{"line":65,"column":17},"end":{"line":65,"column":37}},{"start":{"line":65,"column":37},"end":{"line":65,"column":null}}],"line":65},"7":{"loc":{"start":{"line":89,"column":58},"end":{"line":89,"column":73}},"type":"binary-expr","locations":[{"start":{"line":89,"column":58},"end":{"line":89,"column":69}},{"start":{"line":89,"column":69},"end":{"line":89,"column":73}}],"line":89},"8":{"loc":{"start":{"line":98,"column":11},"end":{"line":104,"column":null}},"type":"cond-expr","locations":[{"start":{"line":99,"column":12},"end":{"line":101,"column":null}},{"start":{"line":101,"column":12},"end":{"line":104,"column":null}}],"line":98},"9":{"loc":{"start":{"line":129,"column":13},"end":{"line":156,"column":null}},"type":"cond-expr","locations":[{"start":{"line":130,"column":14},"end":{"line":132,"column":15}},{"start":{"line":132,"column":14},"end":{"line":156,"column":null}}],"line":129},"10":{"loc":{"start":{"line":168,"column":13},"end":{"line":183,"column":null}},"type":"cond-expr","locations":[{"start":{"line":169,"column":14},"end":{"line":171,"column":15}},{"start":{"line":171,"column":14},"end":{"line":183,"column":null}}],"line":168}},"s":{"0":1,"1":65,"2":30,"3":6,"4":0,"5":6,"6":0,"7":0,"8":13,"9":13,"10":13,"11":13,"12":13,"13":13,"14":13,"15":13,"16":13,"17":13,"18":13,"19":13,"20":13,"21":13,"22":13,"23":7,"24":7,"25":7,"26":13,"27":7,"28":7,"29":7,"30":7,"31":7,"32":0,"33":0,"34":0,"35":0,"36":0,"37":13,"38":12,"39":13,"40":0,"41":12,"42":0,"43":0},"f":{"0":65,"1":30,"2":6,"3":0,"4":0,"5":13,"6":7,"7":0,"8":7,"9":0,"10":7,"11":7,"12":0,"13":7,"14":0,"15":12,"16":0,"17":12,"18":0,"19":0},"b":{"0":[65],"1":[0,6],"2":[13,13],"3":[13,13],"4":[13,13],"5":[13,13],"6":[13,13],"7":[12,0],"8":[7,6],"9":[7,6],"10":[7,6]},"meta":{"lastBranch":11,"lastFunction":20,"lastStatement":44,"seen":{"s:19:20:19:Infinity":0,"f:21:9:21:16":0,"b:21:22:21:26":0,"s:22:2:22:Infinity":1,"f:22:13:22:18":1,"s:22:25:22:64":2,"f:25:9:25:20":2,"b:26:2:26:Infinity:undefined:undefined:undefined:undefined":1,"s:26:2:26:Infinity":3,"s:26:17:26:Infinity":4,"s:27:2:27:Infinity":5,"f:30:9:30:24":3,"s:31:2:31:Infinity":6,"f:34:9:34:20":4,"s:35:2:38:Infinity":7,"f:42:24:42:40":5,"s:43:25:43:Infinity":8,"s:44:25:44:Infinity":9,"s:45:25:45:Infinity":10,"s:46:25:46:Infinity":11,"s:48:27:48:Infinity":12,"s:49:27:49:Infinity":13,"s:50:27:50:Infinity":14,"s:51:27:51:Infinity":15,"s:52:27:52:Infinity":16,"s:54:26:54:Infinity":17,"s:55:26:55:Infinity":18,"s:57:8:57:Infinity":19,"s:58:8:58:Infinity":20,"s:60:24:66:Infinity":21,"b:61:17:61:37:61:37:61:Infinity":2,"b:62:17:62:37:62:37:62:Infinity":3,"b:63:17:63:37:63:37:63:Infinity":4,"b:64:17:64:37:64:37:64:Infinity":5,"b:65:17:65:37:65:37:65:Infinity":6,"s:68:2:71:Infinity":22,"f:68:2:68:18":6,"s:69:4:69:Infinity":23,"f:69:33:69:45":7,"f:69:49:69:63":8,"s:69:63:69:84":24,"s:70:4:70:Infinity":25,"f:70:38:70:50":9,"s:73:2:79:Infinity":26,"f:73:2:73:18":10,"s:74:4:74:Infinity":27,"s:75:4:78:Infinity":28,"f:76:7:76:13":11,"s:76:37:76:63":29,"s:76:63:76:89":30,"f:77:7:77:19":12,"f:78:7:78:21":13,"s:78:21:78:46":31,"f:81:11:81:27":14,"s:82:4:82:Infinity":32,"s:83:4:83:Infinity":33,"s:84:4:84:Infinity":34,"s:85:4:85:Infinity":35,"s:86:4:86:Infinity":36,"s:89:23:89:Infinity":37,"f:89:36:89:44":15,"s:89:53:89:73":38,"b:89:58:89:69:89:69:89:73":7,"s:91:2:189:Infinity":39,"b:99:12:101:Infinity:101:12:104:Infinity":8,"b:130:14:132:15:132:14:156:Infinity":9,"f:142:20:142:28":16,"s:143:22:143:Infinity":40,"f:147:34:147:39":17,"s:148:22:148:Infinity":41,"f:152:26:152:38":18,"s:152:48:152:Infinity":42,"b:169:14:171:15:171:14:183:Infinity":10,"f:176:52:176:68":19,"s:176:74:176:98":43},"fnNames":{}}}
,"D:\\Documents\\painel-TCC\\frontend\\src\\pages\\ProjetosPDI.jsx": {"path":"D:\\Documents\\painel-TCC\\frontend\\src\\pages\\ProjetosPDI.jsx","statementMap":{"0":{"start":{"line":20,"column":16},"end":{"line":27,"column":null}},"1":{"start":{"line":31,"column":4},"end":{"line":33,"column":null}},"2":{"start":{"line":34,"column":2},"end":{"line":39,"column":null}},"3":{"start":{"line":44,"column":2},"end":{"line":44,"column":null}},"4":{"start":{"line":44,"column":17},"end":{"line":44,"column":null}},"5":{"start":{"line":45,"column":2},"end":{"line":45,"column":null}},"6":{"start":{"line":49,"column":2},"end":{"line":49,"column":null}},"7":{"start":{"line":49,"column":25},"end":{"line":49,"column":64}},"8":{"start":{"line":53,"column":25},"end":{"line":53,"column":null}},"9":{"start":{"line":54,"column":25},"end":{"line":54,"column":null}},"10":{"start":{"line":55,"column":25},"end":{"line":55,"column":null}},"11":{"start":{"line":56,"column":25},"end":{"line":56,"column":null}},"12":{"start":{"line":57,"column":25},"end":{"line":57,"column":null}},"13":{"start":{"line":59,"column":27},"end":{"line":59,"column":null}},"14":{"start":{"line":60,"column":27},"end":{"line":60,"column":null}},"15":{"start":{"line":61,"column":27},"end":{"line":61,"column":null}},"16":{"start":{"line":62,"column":27},"end":{"line":62,"column":null}},"17":{"start":{"line":63,"column":27},"end":{"line":63,"column":null}},"18":{"start":{"line":64,"column":27},"end":{"line":64,"column":null}},"19":{"start":{"line":66,"column":26},"end":{"line":66,"column":null}},"20":{"start":{"line":67,"column":26},"end":{"line":67,"column":null}},"21":{"start":{"line":68,"column":26},"end":{"line":68,"column":null}},"22":{"start":{"line":70,"column":8},"end":{"line":70,"column":null}},"23":{"start":{"line":71,"column":8},"end":{"line":71,"column":null}},"24":{"start":{"line":73,"column":24},"end":{"line":80,"column":null}},"25":{"start":{"line":82,"column":2},"end":{"line":85,"column":null}},"26":{"start":{"line":83,"column":4},"end":{"line":83,"column":null}},"27":{"start":{"line":83,"column":69},"end":{"line":83,"column":90}},"28":{"start":{"line":84,"column":4},"end":{"line":84,"column":null}},"29":{"start":{"line":87,"column":2},"end":{"line":93,"column":null}},"30":{"start":{"line":88,"column":4},"end":{"line":88,"column":null}},"31":{"start":{"line":89,"column":4},"end":{"line":92,"column":null}},"32":{"start":{"line":90,"column":34},"end":{"line":90,"column":57}},"33":{"start":{"line":90,"column":57},"end":{"line":90,"column":83}},"34":{"start":{"line":92,"column":21},"end":{"line":92,"column":46}},"35":{"start":{"line":95,"column":2},"end":{"line":101,"column":null}},"36":{"start":{"line":96,"column":4},"end":{"line":96,"column":null}},"37":{"start":{"line":97,"column":4},"end":{"line":100,"column":null}},"38":{"start":{"line":98,"column":22},"end":{"line":98,"column":82}},"39":{"start":{"line":100,"column":21},"end":{"line":100,"column":44}},"40":{"start":{"line":104,"column":4},"end":{"line":104,"column":null}},"41":{"start":{"line":105,"column":4},"end":{"line":105,"column":null}},"42":{"start":{"line":106,"column":4},"end":{"line":106,"column":null}},"43":{"start":{"line":107,"column":4},"end":{"line":107,"column":null}},"44":{"start":{"line":108,"column":4},"end":{"line":108,"column":null}},"45":{"start":{"line":109,"column":4},"end":{"line":109,"column":null}},"46":{"start":{"line":112,"column":2},"end":{"line":212,"column":null}}},"fnMap":{"0":{"name":"TickRotacionado","decl":{"start":{"line":29,"column":9},"end":{"line":29,"column":25}},"loc":{"start":{"line":29,"column":44},"end":{"line":41,"column":null}},"line":29},"1":{"name":"formatarEixoY","decl":{"start":{"line":43,"column":9},"end":{"line":43,"column":23}},"loc":{"start":{"line":43,"column":26},"end":{"line":46,"column":null}},"line":43},"2":{"name":"toOpts","decl":{"start":{"line":48,"column":9},"end":{"line":48,"column":16}},"loc":{"start":{"line":48,"column":26},"end":{"line":50,"column":null}},"line":48},"3":{"name":"(anonymous_3)","decl":{"start":{"line":49,"column":13},"end":{"line":49,"column":18}},"loc":{"start":{"line":49,"column":25},"end":{"line":49,"column":64}},"line":49},"4":{"name":"ProjetosPDI","decl":{"start":{"line":52,"column":24},"end":{"line":52,"column":38}},"loc":{"start":{"line":52,"column":38},"end":{"line":214,"column":null}},"line":52},"5":{"name":"(anonymous_5)","decl":{"start":{"line":82,"column":2},"end":{"line":82,"column":18}},"loc":{"start":{"line":82,"column":18},"end":{"line":85,"column":5}},"line":82},"6":{"name":"(anonymous_6)","decl":{"start":{"line":83,"column":39},"end":{"line":83,"column":51}},"loc":{"start":{"line":83,"column":51},"end":{"line":83,"column":53}},"line":83},"7":{"name":"(anonymous_7)","decl":{"start":{"line":83,"column":55},"end":{"line":83,"column":69}},"loc":{"start":{"line":83,"column":69},"end":{"line":83,"column":90}},"line":83},"8":{"name":"(anonymous_8)","decl":{"start":{"line":84,"column":36},"end":{"line":84,"column":48}},"loc":{"start":{"line":84,"column":48},"end":{"line":84,"column":50}},"line":84},"9":{"name":"(anonymous_9)","decl":{"start":{"line":87,"column":2},"end":{"line":87,"column":18}},"loc":{"start":{"line":87,"column":18},"end":{"line":93,"column":5}},"line":87},"10":{"name":"(anonymous_10)","decl":{"start":{"line":90,"column":7},"end":{"line":90,"column":13}},"loc":{"start":{"line":90,"column":32},"end":{"line":90,"column":84}},"line":90},"11":{"name":"(anonymous_11)","decl":{"start":{"line":91,"column":7},"end":{"line":91,"column":19}},"loc":{"start":{"line":91,"column":19},"end":{"line":91,"column":21}},"line":91},"12":{"name":"(anonymous_12)","decl":{"start":{"line":92,"column":7},"end":{"line":92,"column":21}},"loc":{"start":{"line":92,"column":21},"end":{"line":92,"column":46}},"line":92},"13":{"name":"(anonymous_13)","decl":{"start":{"line":95,"column":2},"end":{"line":95,"column":18}},"loc":{"start":{"line":95,"column":18},"end":{"line":101,"column":5}},"line":95},"14":{"name":"(anonymous_14)","decl":{"start":{"line":98,"column":7},"end":{"line":98,"column":13}},"loc":{"start":{"line":98,"column":22},"end":{"line":98,"column":82}},"line":98},"15":{"name":"(anonymous_15)","decl":{"start":{"line":99,"column":7},"end":{"line":99,"column":19}},"loc":{"start":{"line":99,"column":19},"end":{"line":99,"column":21}},"line":99},"16":{"name":"(anonymous_16)","decl":{"start":{"line":100,"column":7},"end":{"line":100,"column":21}},"loc":{"start":{"line":100,"column":21},"end":{"line":100,"column":44}},"line":100},"17":{"name":"limparFiltros","decl":{"start":{"line":103,"column":11},"end":{"line":103,"column":27}},"loc":{"start":{"line":103,"column":27},"end":{"line":110,"column":null}},"line":103}},"branchMap":{"0":{"loc":{"start":{"line":31,"column":4},"end":{"line":33,"column":null}},"type":"cond-expr","locations":[{"start":{"line":32,"column":8},"end":{"line":32,"column":null}},{"start":{"line":33,"column":8},"end":{"line":33,"column":null}}],"line":31},"1":{"loc":{"start":{"line":31,"column":4},"end":{"line":31,"column":null}},"type":"binary-expr","locations":[{"start":{"line":31,"column":4},"end":{"line":31,"column":41}},{"start":{"line":31,"column":41},"end":{"line":31,"column":null}}],"line":31},"2":{"loc":{"start":{"line":44,"column":2},"end":{"line":44,"column":null}},"type":"if","locations":[{"start":{"line":44,"column":2},"end":{"line":44,"column":null}},{"start":{},"end":{}}],"line":44},"3":{"loc":{"start":{"line":48,"column":16},"end":{"line":48,"column":26}},"type":"default-arg","locations":[{"start":{"line":48,"column":22},"end":{"line":48,"column":26}}],"line":48},"4":{"loc":{"start":{"line":74,"column":17},"end":{"line":74,"column":null}},"type":"binary-expr","locations":[{"start":{"line":74,"column":17},"end":{"line":74,"column":37}},{"start":{"line":74,"column":37},"end":{"line":74,"column":null}}],"line":74},"5":{"loc":{"start":{"line":75,"column":17},"end":{"line":75,"column":null}},"type":"binary-expr","locations":[{"start":{"line":75,"column":17},"end":{"line":75,"column":37}},{"start":{"line":75,"column":37},"end":{"line":75,"column":null}}],"line":75},"6":{"loc":{"start":{"line":76,"column":17},"end":{"line":76,"column":null}},"type":"binary-expr","locations":[{"start":{"line":76,"column":17},"end":{"line":76,"column":37}},{"start":{"line":76,"column":37},"end":{"line":76,"column":null}}],"line":76},"7":{"loc":{"start":{"line":77,"column":17},"end":{"line":77,"column":null}},"type":"binary-expr","locations":[{"start":{"line":77,"column":17},"end":{"line":77,"column":37}},{"start":{"line":77,"column":37},"end":{"line":77,"column":null}}],"line":77},"8":{"loc":{"start":{"line":78,"column":17},"end":{"line":78,"column":null}},"type":"binary-expr","locations":[{"start":{"line":78,"column":17},"end":{"line":78,"column":37}},{"start":{"line":78,"column":37},"end":{"line":78,"column":null}}],"line":78},"9":{"loc":{"start":{"line":79,"column":17},"end":{"line":79,"column":null}},"type":"binary-expr","locations":[{"start":{"line":79,"column":17},"end":{"line":79,"column":37}},{"start":{"line":79,"column":37},"end":{"line":79,"column":null}}],"line":79},"10":{"loc":{"start":{"line":98,"column":34},"end":{"line":98,"column":81}},"type":"cond-expr","locations":[{"start":{"line":98,"column":56},"end":{"line":98,"column":64}},{"start":{"line":98,"column":64},"end":{"line":98,"column":81}}],"line":98},"11":{"loc":{"start":{"line":98,"column":64},"end":{"line":98,"column":81}},"type":"binary-expr","locations":[{"start":{"line":98,"column":64},"end":{"line":98,"column":78}},{"start":{"line":98,"column":78},"end":{"line":98,"column":81}}],"line":98},"12":{"loc":{"start":{"line":120,"column":11},"end":{"line":126,"column":null}},"type":"cond-expr","locations":[{"start":{"line":121,"column":12},"end":{"line":123,"column":null}},{"start":{"line":123,"column":12},"end":{"line":126,"column":null}}],"line":120},"13":{"loc":{"start":{"line":155,"column":15},"end":{"line":168,"column":null}},"type":"cond-expr","locations":[{"start":{"line":156,"column":16},"end":{"line":158,"column":17}},{"start":{"line":158,"column":16},"end":{"line":168,"column":null}}],"line":155},"14":{"loc":{"start":{"line":179,"column":15},"end":{"line":192,"column":null}},"type":"cond-expr","locations":[{"start":{"line":180,"column":16},"end":{"line":182,"column":17}},{"start":{"line":182,"column":16},"end":{"line":192,"column":null}}],"line":179}},"s":{"0":1,"1":0,"2":0,"3":0,"4":0,"5":0,"6":108,"7":90,"8":18,"9":18,"10":18,"11":18,"12":18,"13":18,"14":18,"15":18,"16":18,"17":18,"18":18,"19":18,"20":18,"21":18,"22":18,"23":18,"24":18,"25":18,"26":9,"27":9,"28":9,"29":18,"30":9,"31":9,"32":9,"33":9,"34":9,"35":18,"36":9,"37":9,"38":9,"39":9,"40":1,"41":1,"42":1,"43":1,"44":1,"45":1,"46":18},"f":{"0":0,"1":0,"2":108,"3":90,"4":18,"5":9,"6":0,"7":9,"8":0,"9":9,"10":9,"11":0,"12":9,"13":9,"14":9,"15":0,"16":9,"17":1},"b":{"0":[0,0],"1":[0,0],"2":[0,0],"3":[108],"4":[18,18],"5":[18,18],"6":[18,18],"7":[18,18],"8":[18,18],"9":[18,18],"10":[9,0],"11":[0,0],"12":[9,9],"13":[9,9],"14":[9,9]},"meta":{"lastBranch":15,"lastFunction":18,"lastStatement":47,"seen":{"s:20:16:27:Infinity":0,"f:29:9:29:25":0,"s:31:4:33:Infinity":1,"b:32:8:32:Infinity:33:8:33:Infinity":0,"b:31:4:31:41:31:41:31:Infinity":1,"s:34:2:39:Infinity":2,"f:43:9:43:23":1,"b:44:2:44:Infinity:undefined:undefined:undefined:undefined":2,"s:44:2:44:Infinity":3,"s:44:17:44:Infinity":4,"s:45:2:45:Infinity":5,"f:48:9:48:16":2,"b:48:22:48:26":3,"s:49:2:49:Infinity":6,"f:49:13:49:18":3,"s:49:25:49:64":7,"f:52:24:52:38":4,"s:53:25:53:Infinity":8,"s:54:25:54:Infinity":9,"s:55:25:55:Infinity":10,"s:56:25:56:Infinity":11,"s:57:25:57:Infinity":12,"s:59:27:59:Infinity":13,"s:60:27:60:Infinity":14,"s:61:27:61:Infinity":15,"s:62:27:62:Infinity":16,"s:63:27:63:Infinity":17,"s:64:27:64:Infinity":18,"s:66:26:66:Infinity":19,"s:67:26:67:Infinity":20,"s:68:26:68:Infinity":21,"s:70:8:70:Infinity":22,"s:71:8:71:Infinity":23,"s:73:24:80:Infinity":24,"b:74:17:74:37:74:37:74:Infinity":4,"b:75:17:75:37:75:37:75:Infinity":5,"b:76:17:76:37:76:37:76:Infinity":6,"b:77:17:77:37:77:37:77:Infinity":7,"b:78:17:78:37:78:37:78:Infinity":8,"b:79:17:79:37:79:37:79:Infinity":9,"s:82:2:85:Infinity":25,"f:82:2:82:18":5,"s:83:4:83:Infinity":26,"f:83:39:83:51":6,"f:83:55:83:69":7,"s:83:69:83:90":27,"s:84:4:84:Infinity":28,"f:84:36:84:48":8,"s:87:2:93:Infinity":29,"f:87:2:87:18":9,"s:88:4:88:Infinity":30,"s:89:4:92:Infinity":31,"f:90:7:90:13":10,"s:90:34:90:57":32,"s:90:57:90:83":33,"f:91:7:91:19":11,"f:92:7:92:21":12,"s:92:21:92:46":34,"s:95:2:101:Infinity":35,"f:95:2:95:18":13,"s:96:4:96:Infinity":36,"s:97:4:100:Infinity":37,"f:98:7:98:13":14,"s:98:22:98:82":38,"b:98:56:98:64:98:64:98:81":10,"b:98:64:98:78:98:78:98:81":11,"f:99:7:99:19":15,"f:100:7:100:21":16,"s:100:21:100:44":39,"f:103:11:103:27":17,"s:104:4:104:Infinity":40,"s:105:4:105:Infinity":41,"s:106:4:106:Infinity":42,"s:107:4:107:Infinity":43,"s:108:4:108:Infinity":44,"s:109:4:109:Infinity":45,"s:112:2:212:Infinity":46,"b:121:12:123:Infinity:123:12:126:Infinity":12,"b:156:16:158:17:158:16:168:Infinity":13,"b:180:16:182:17:182:16:192:Infinity":14},"fnNames":{}}}
}
