{"D:\\Documents\\painel-TCC\\frontend\\icons\\Bolsistas.png": {"path":"D:\\Documents\\painel-TCC\\frontend\\icons\\Bolsistas.png","statementMap":{},"fnMap":{},"branchMap":{},"s":{},"f":{},"b":{},"meta":{"lastBranch":0,"lastFunction":0,"lastStatement":0,"seen":{},"fnNames":{}}}
,"D:\\Documents\\painel-TCC\\frontend\\icons\\E. INCUBADAS.png": {"path":"D:\\Documents\\painel-TCC\\frontend\\icons\\E. INCUBADAS.png","statementMap":{},"fnMap":{},"branchMap":{},"s":{},"f":{},"b":{},"meta":{"lastBranch":0,"lastFunction":0,"lastStatement":0,"seen":{},"fnNames":{}}}
,"D:\\Documents\\painel-TCC\\frontend\\icons\\FOMENTO.png": {"path":"D:\\Documents\\painel-TCC\\frontend\\icons\\FOMENTO.png","statementMap":{},"fnMap":{},"branchMap":{},"s":{},"f":{},"b":{},"meta":{"lastBranch":0,"lastFunction":0,"lastStatement":0,"seen":{},"fnNames":{}}}
,"D:\\Documents\\painel-TCC\\frontend\\icons\\Grupos de pesquisa.png": {"path":"D:\\Documents\\painel-TCC\\frontend\\icons\\Grupos de pesquisa.png","statementMap":{},"fnMap":{},"branchMap":{},"s":{},"f":{},"b":{},"meta":{"lastBranch":0,"lastFunction":0,"lastStatement":0,"seen":{},"fnNames":{}}}
,"D:\\Documents\\painel-TCC\\frontend\\icons\\Laboratórios.png": {"path":"D:\\Documents\\painel-TCC\\frontend\\icons\\Laboratórios.png","statementMap":{},"fnMap":{},"branchMap":{},"s":{},"f":{},"b":{},"meta":{"lastBranch":0,"lastFunction":0,"lastStatement":0,"seen":{},"fnNames":{}}}
,"D:\\Documents\\painel-TCC\\frontend\\icons\\NÚCLEOS.png": {"path":"D:\\Documents\\painel-TCC\\frontend\\icons\\NÚCLEOS.png","statementMap":{},"fnMap":{},"branchMap":{},"s":{},"f":{},"b":{},"meta":{"lastBranch":0,"lastFunction":0,"lastStatement":0,"seen":{},"fnNames":{}}}
,"D:\\Documents\\painel-TCC\\frontend\\icons\\Núcleos ativos.png": {"path":"D:\\Documents\\painel-TCC\\frontend\\icons\\Núcleos ativos.png","statementMap":{},"fnMap":{},"branchMap":{},"s":{},"f":{},"b":{},"meta":{"lastBranch":0,"lastFunction":0,"lastStatement":0,"seen":{},"fnNames":{}}}
,"D:\\Documents\\painel-TCC\\frontend\\icons\\Núcleos inativos.png": {"path":"D:\\Documents\\painel-TCC\\frontend\\icons\\Núcleos inativos.png","statementMap":{},"fnMap":{},"branchMap":{},"s":{},"f":{},"b":{},"meta":{"lastBranch":0,"lastFunction":0,"lastStatement":0,"seen":{},"fnNames":{}}}
,"D:\\Documents\\painel-TCC\\frontend\\icons\\PATENTES.png": {"path":"D:\\Documents\\painel-TCC\\frontend\\icons\\PATENTES.png","statementMap":{},"fnMap":{},"branchMap":{},"s":{},"f":{},"b":{},"meta":{"lastBranch":0,"lastFunction":0,"lastStatement":0,"seen":{},"fnNames":{}}}
,"D:\\Documents\\painel-TCC\\frontend\\icons\\PROJETOS.png": {"path":"D:\\Documents\\painel-TCC\\frontend\\icons\\PROJETOS.png","statementMap":{},"fnMap":{},"branchMap":{},"s":{},"f":{},"b":{},"meta":{"lastBranch":0,"lastFunction":0,"lastStatement":0,"seen":{},"fnNames":{}}}
,"D:\\Documents\\painel-TCC\\frontend\\icons\\Pesquisas em andamento.png": {"path":"D:\\Documents\\painel-TCC\\frontend\\icons\\Pesquisas em andamento.png","statementMap":{},"fnMap":{},"branchMap":{},"s":{},"f":{},"b":{},"meta":{"lastBranch":0,"lastFunction":0,"lastStatement":0,"seen":{},"fnNames":{}}}
,"D:\\Documents\\painel-TCC\\frontend\\icons\\Pesquisas ublicadas.png": {"path":"D:\\Documents\\painel-TCC\\frontend\\icons\\Pesquisas ublicadas.png","statementMap":{},"fnMap":{},"branchMap":{},"s":{},"f":{},"b":{},"meta":{"lastBranch":0,"lastFunction":0,"lastStatement":0,"seen":{},"fnNames":{}}}
,"D:\\Documents\\painel-TCC\\frontend\\icons\\PÓS GRADUAÇÃO.png": {"path":"D:\\Documents\\painel-TCC\\frontend\\icons\\PÓS GRADUAÇÃO.png","statementMap":{},"fnMap":{},"branchMap":{},"s":{},"f":{},"b":{},"meta":{"lastBranch":0,"lastFunction":0,"lastStatement":0,"seen":{},"fnNames":{}}}
,"D:\\Documents\\painel-TCC\\frontend\\icons\\Titulado.png": {"path":"D:\\Documents\\painel-TCC\\frontend\\icons\\Titulado.png","statementMap":{},"fnMap":{},"branchMap":{},"s":{},"f":{},"b":{},"meta":{"lastBranch":0,"lastFunction":0,"lastStatement":0,"seen":{},"fnNames":{}}}
,"D:\\Documents\\painel-TCC\\frontend\\icons\\marcas.png": {"path":"D:\\Documents\\painel-TCC\\frontend\\icons\\marcas.png","statementMap":{},"fnMap":{},"branchMap":{},"s":{},"f":{},"b":{},"meta":{"lastBranch":0,"lastFunction":0,"lastStatement":0,"seen":{},"fnNames":{}}}
,"D:\\Documents\\painel-TCC\\frontend\\icons\\programa de computadores.png": {"path":"D:\\Documents\\painel-TCC\\frontend\\icons\\programa de computadores.png","statementMap":{},"fnMap":{},"branchMap":{},"s":{},"f":{},"b":{},"meta":{"lastBranch":0,"lastFunction":0,"lastStatement":0,"seen":{},"fnNames":{}}}
,"D:\\Documents\\painel-TCC\\frontend\\src\\assets\\icons.js": {"path":"D:\\Documents\\painel-TCC\\frontend\\src\\assets\\icons.js","statementMap":{},"fnMap":{},"branchMap":{},"s":{},"f":{},"b":{},"meta":{"lastBranch":0,"lastFunction":0,"lastStatement":0,"seen":{},"fnNames":{}}}
,"D:\\Documents\\painel-TCC\\frontend\\src\\components\\CardMetrica.jsx": {"path":"D:\\Documents\\painel-TCC\\frontend\\src\\components\\CardMetrica.jsx","statementMap":{"0":{"start":{"line":2,"column":2},"end":{"line":24,"column":null}}},"fnMap":{"0":{"name":"CardMetrica","decl":{"start":{"line":1,"column":24},"end":{"line":1,"column":36}},"loc":{"start":{"line":1,"column":82},"end":{"line":26,"column":null}},"line":1}},"branchMap":{"0":{"loc":{"start":{"line":7,"column":8},"end":{"line":7,"column":null}},"type":"cond-expr","locations":[{"start":{"line":7,"column":18},"end":{"line":7,"column":74}},{"start":{"line":7,"column":74},"end":{"line":7,"column":null}}],"line":7},"1":{"loc":{"start":{"line":10,"column":7},"end":{"line":15,"column":null}},"type":"binary-expr","locations":[{"start":{"line":10,"column":7},"end":{"line":10,"column":null}},{"start":{"line":11,"column":8},"end":{"line":15,"column":null}}],"line":10},"2":{"loc":{"start":{"line":21,"column":7},"end":{"line":22,"column":null}},"type":"binary-expr","locations":[{"start":{"line":21,"column":7},"end":{"line":21,"column":null}},{"start":{"line":22,"column":8},"end":{"line":22,"column":null}}],"line":21}},"s":{"0":5},"f":{"0":5},"b":{"0":[1,4],"1":[5,0],"2":[5,1]},"meta":{"lastBranch":3,"lastFunction":1,"lastStatement":1,"seen":{"f:1:24:1:36":0,"s:2:2:24:Infinity":0,"b:7:18:7:74:7:74:7:Infinity":0,"b:10:7:10:Infinity:11:8:15:Infinity":1,"b:21:7:21:Infinity:22:8:22:Infinity":2},"fnNames":{}}}
,"D:\\Documents\\painel-TCC\\frontend\\src\\components\\LoadingSpinner.jsx": {"path":"D:\\Documents\\painel-TCC\\frontend\\src\\components\\LoadingSpinner.jsx","statementMap":{"0":{"start":{"line":1,"column":14},"end":{"line":5,"column":null}},"1":{"start":{"line":9,"column":4},"end":{"line":11,"column":null}},"2":{"start":{"line":14,"column":2},"end":{"line":20,"column":null}},"3":{"start":{"line":15,"column":4},"end":{"line":18,"column":null}},"4":{"start":{"line":22,"column":2},"end":{"line":22,"column":null}}},"fnMap":{"0":{"name":"LoadingSpinner","decl":{"start":{"line":7,"column":24},"end":{"line":7,"column":39}},"loc":{"start":{"line":7,"column":74},"end":{"line":23,"column":null}},"line":7}},"branchMap":{"0":{"loc":{"start":{"line":7,"column":41},"end":{"line":7,"column":54}},"type":"default-arg","locations":[{"start":{"line":7,"column":48},"end":{"line":7,"column":54}}],"line":7},"1":{"loc":{"start":{"line":7,"column":54},"end":{"line":7,"column":74}},"type":"default-arg","locations":[{"start":{"line":7,"column":65},"end":{"line":7,"column":74}}],"line":7},"2":{"loc":{"start":{"line":14,"column":2},"end":{"line":20,"column":null}},"type":"if","locations":[{"start":{"line":14,"column":2},"end":{"line":20,"column":null}},{"start":{},"end":{}}],"line":14}},"s":{"0":1,"1":3,"2":3,"3":0,"4":3},"f":{"0":3},"b":{"0":[3],"1":[3],"2":[0,3]},"meta":{"lastBranch":3,"lastFunction":1,"lastStatement":5,"seen":{"s:1:14:5:Infinity":0,"f:7:24:7:39":0,"b:7:48:7:54":0,"b:7:65:7:74":1,"s:9:4:11:Infinity":1,"b:14:2:20:Infinity:undefined:undefined:undefined:undefined":2,"s:14:2:20:Infinity":2,"s:15:4:18:Infinity":3,"s:22:2:22:Infinity":4},"fnNames":{}}}
,"D:\\Documents\\painel-TCC\\frontend\\src\\components\\Sidebar.jsx": {"path":"D:\\Documents\\painel-TCC\\frontend\\src\\components\\Sidebar.jsx","statementMap":{"0":{"start":{"line":9,"column":14},"end":{"line":20,"column":null}},"1":{"start":{"line":22,"column":6},"end":{"line":28,"column":null}},"2":{"start":{"line":23,"column":2},"end":{"line":28,"column":null}},"3":{"start":{"line":31,"column":10},"end":{"line":31,"column":null}},"4":{"start":{"line":32,"column":16},"end":{"line":32,"column":null}},"5":{"start":{"line":33,"column":8},"end":{"line":33,"column":null}},"6":{"start":{"line":36,"column":4},"end":{"line":36,"column":null}},"7":{"start":{"line":37,"column":4},"end":{"line":37,"column":null}},"8":{"start":{"line":40,"column":2},"end":{"line":102,"column":null}},"9":{"start":{"line":68,"column":12},"end":{"line":80,"column":null}}},"fnMap":{"0":{"name":"(anonymous_0)","decl":{"start":{"line":22,"column":6},"end":{"line":22,"column":19}},"loc":{"start":{"line":23,"column":2},"end":{"line":28,"column":null}},"line":23},"1":{"name":"Sidebar","decl":{"start":{"line":30,"column":24},"end":{"line":30,"column":32}},"loc":{"start":{"line":30,"column":53},"end":{"line":104,"column":null}},"line":30},"2":{"name":"handleLogout","decl":{"start":{"line":35,"column":11},"end":{"line":35,"column":26}},"loc":{"start":{"line":35,"column":26},"end":{"line":38,"column":null}},"line":35},"3":{"name":"(anonymous_3)","decl":{"start":{"line":67,"column":17},"end":{"line":67,"column":22}},"loc":{"start":{"line":68,"column":12},"end":{"line":80,"column":null}},"line":68}},"branchMap":{"0":{"loc":{"start":{"line":25,"column":4},"end":{"line":27,"column":null}},"type":"cond-expr","locations":[{"start":{"line":26,"column":8},"end":{"line":26,"column":null}},{"start":{"line":27,"column":8},"end":{"line":27,"column":null}}],"line":25},"1":{"loc":{"start":{"line":43,"column":7},"end":{"line":50,"column":7}},"type":"binary-expr","locations":[{"start":{"line":43,"column":7},"end":{"line":43,"column":null}},{"start":{"line":44,"column":8},"end":{"line":50,"column":7}}],"line":43},"2":{"loc":{"start":{"line":54,"column":10},"end":{"line":54,"column":null}},"type":"cond-expr","locations":[{"start":{"line":54,"column":19},"end":{"line":54,"column":37}},{"start":{"line":54,"column":37},"end":{"line":54,"column":null}}],"line":54},"3":{"loc":{"start":{"line":75,"column":15},"end":{"line":79,"column":15}},"type":"cond-expr","locations":[{"start":{"line":76,"column":18},"end":{"line":77,"column":19}},{"start":{"line":77,"column":18},"end":{"line":79,"column":15}}],"line":75},"4":{"loc":{"start":{"line":90,"column":19},"end":{"line":90,"column":44}},"type":"cond-expr","locations":[{"start":{"line":90,"column":26},"end":{"line":90,"column":33}},{"start":{"line":90,"column":33},"end":{"line":90,"column":44}}],"line":90},"5":{"loc":{"start":{"line":91,"column":19},"end":{"line":91,"column":61}},"type":"cond-expr","locations":[{"start":{"line":91,"column":26},"end":{"line":91,"column":41}},{"start":{"line":91,"column":41},"end":{"line":91,"column":61}}],"line":91}},"s":{"0":1,"1":1,"2":50,"3":5,"4":5,"5":5,"6":1,"7":1,"8":5,"9":50},"f":{"0":50,"1":5,"2":1,"3":50},"b":{"0":[4,46],"1":[5,5],"2":[5,0],"3":[40,10],"4":[0,5],"5":[0,5]},"meta":{"lastBranch":6,"lastFunction":4,"lastStatement":10,"seen":{"s:9:14:20:Infinity":0,"s:22:6:28:Infinity":1,"f:22:6:22:19":0,"s:23:2:28:Infinity":2,"b:26:8:26:Infinity:27:8:27:Infinity":0,"f:30:24:30:32":1,"s:31:10:31:Infinity":3,"s:32:16:32:Infinity":4,"s:33:8:33:Infinity":5,"f:35:11:35:26":2,"s:36:4:36:Infinity":6,"s:37:4:37:Infinity":7,"s:40:2:102:Infinity":8,"b:43:7:43:Infinity:44:8:50:7":1,"b:54:19:54:37:54:37:54:Infinity":2,"f:67:17:67:22":3,"s:68:12:80:Infinity":9,"b:76:18:77:19:77:18:79:15":3,"b:90:26:90:33:90:33:90:44":4,"b:91:26:91:41:91:41:91:61":5},"fnNames":{}}}
,"D:\\Documents\\painel-TCC\\frontend\\src\\components\\SkeletonTabela.jsx": {"path":"D:\\Documents\\painel-TCC\\frontend\\src\\components\\SkeletonTabela.jsx","statementMap":{"0":{"start":{"line":2,"column":2},"end":{"line":8,"column":null}},"1":{"start":{"line":6,"column":8},"end":{"line":6,"column":null}}},"fnMap":{"0":{"name":"SkeletonTabela","decl":{"start":{"line":1,"column":24},"end":{"line":1,"column":39}},"loc":{"start":{"line":1,"column":55},"end":{"line":10,"column":null}},"line":1},"1":{"name":"(anonymous_1)","decl":{"start":{"line":5,"column":38},"end":{"line":5,"column":43}},"loc":{"start":{"line":6,"column":8},"end":{"line":6,"column":null}},"line":6}},"branchMap":{"0":{"loc":{"start":{"line":1,"column":41},"end":{"line":1,"column":55}},"type":"default-arg","locations":[{"start":{"line":1,"column":50},"end":{"line":1,"column":55}}],"line":1}},"s":{"0":0,"1":0},"f":{"0":0,"1":0},"b":{"0":[0]},"meta":{"lastBranch":1,"lastFunction":2,"lastStatement":2,"seen":{"f:1:24:1:39":0,"b:1:50:1:55":0,"s:2:2:8:Infinity":0,"f:5:38:5:43":1,"s:6:8:6:Infinity":1},"fnNames":{}}}
,"D:\\Documents\\painel-TCC\\frontend\\src\\components\\TabelaPaginada.jsx": {"path":"D:\\Documents\\painel-TCC\\frontend\\src\\components\\TabelaPaginada.jsx","statementMap":{"0":{"start":{"line":13,"column":2},"end":{"line":13,"column":null}},"1":{"start":{"line":13,"column":15},"end":{"line":13,"column":null}},"2":{"start":{"line":15,"column":23},"end":{"line":15,"column":null}},"3":{"start":{"line":17,"column":2},"end":{"line":78,"column":null}},"4":{"start":{"line":24,"column":16},"end":{"line":26,"column":null}},"5":{"start":{"line":39,"column":16},"end":{"line":50,"column":null}},"6":{"start":{"line":46,"column":20},"end":{"line":48,"column":null}}},"fnMap":{"0":{"name":"TabelaPaginada","decl":{"start":{"line":3,"column":24},"end":{"line":3,"column":39}},"loc":{"start":{"line":12,"column":3},"end":{"line":80,"column":null}},"line":12},"1":{"name":"(anonymous_1)","decl":{"start":{"line":23,"column":23},"end":{"line":23,"column":28}},"loc":{"start":{"line":24,"column":16},"end":{"line":26,"column":null}},"line":24},"2":{"name":"(anonymous_2)","decl":{"start":{"line":38,"column":20},"end":{"line":38,"column":25}},"loc":{"start":{"line":39,"column":16},"end":{"line":50,"column":null}},"line":39},"3":{"name":"(anonymous_3)","decl":{"start":{"line":45,"column":27},"end":{"line":45,"column":32}},"loc":{"start":{"line":46,"column":20},"end":{"line":48,"column":null}},"line":46}},"branchMap":{"0":{"loc":{"start":{"line":4,"column":2},"end":{"line":4,"column":null}},"type":"default-arg","locations":[{"start":{"line":4,"column":12},"end":{"line":4,"column":null}}],"line":4},"1":{"loc":{"start":{"line":5,"column":2},"end":{"line":5,"column":null}},"type":"default-arg","locations":[{"start":{"line":5,"column":10},"end":{"line":5,"column":null}}],"line":5},"2":{"loc":{"start":{"line":6,"column":2},"end":{"line":6,"column":null}},"type":"default-arg","locations":[{"start":{"line":6,"column":12},"end":{"line":6,"column":null}}],"line":6},"3":{"loc":{"start":{"line":7,"column":2},"end":{"line":7,"column":null}},"type":"default-arg","locations":[{"start":{"line":7,"column":17},"end":{"line":7,"column":null}}],"line":7},"4":{"loc":{"start":{"line":13,"column":2},"end":{"line":13,"column":null}},"type":"if","locations":[{"start":{"line":13,"column":2},"end":{"line":13,"column":null}},{"start":{},"end":{}}],"line":13},"5":{"loc":{"start":{"line":15,"column":23},"end":{"line":15,"column":null}},"type":"binary-expr","locations":[{"start":{"line":15,"column":23},"end":{"line":15,"column":47}},{"start":{"line":15,"column":47},"end":{"line":15,"column":null}}],"line":15},"6":{"loc":{"start":{"line":31,"column":13},"end":{"line":51,"column":null}},"type":"cond-expr","locations":[{"start":{"line":32,"column":14},"end":{"line":38,"column":20}},{"start":{"line":38,"column":14},"end":{"line":51,"column":null}}],"line":31},"7":{"loc":{"start":{"line":42,"column":20},"end":{"line":42,"column":null}},"type":"cond-expr","locations":[{"start":{"line":42,"column":34},"end":{"line":42,"column":64}},{"start":{"line":42,"column":64},"end":{"line":42,"column":null}}],"line":42},"8":{"loc":{"start":{"line":47,"column":23},"end":{"line":47,"column":null}},"type":"cond-expr","locations":[{"start":{"line":47,"column":36},"end":{"line":47,"column":72}},{"start":{"line":47,"column":72},"end":{"line":47,"column":null}}],"line":47},"9":{"loc":{"start":{"line":57,"column":7},"end":{"line":78,"column":null}},"type":"binary-expr","locations":[{"start":{"line":57,"column":7},"end":{"line":57,"column":null}},{"start":{"line":58,"column":8},"end":{"line":78,"column":null}}],"line":57}},"s":{"0":10,"1":0,"2":10,"3":10,"4":19,"5":15,"6":29},"f":{"0":10,"1":19,"2":15,"3":29},"b":{"0":[10],"1":[10],"2":[10],"3":[10],"4":[0,10],"5":[10,5],"6":[2,8],"7":[8,7],"8":[1,28],"9":[10,5]},"meta":{"lastBranch":10,"lastFunction":4,"lastStatement":7,"seen":{"f:3:24:3:39":0,"b:4:12:4:Infinity":0,"b:5:10:5:Infinity":1,"b:6:12:6:Infinity":2,"b:7:17:7:Infinity":3,"b:13:2:13:Infinity:undefined:undefined:undefined:undefined":4,"s:13:2:13:Infinity":0,"s:13:15:13:Infinity":1,"s:15:23:15:Infinity":2,"b:15:23:15:47:15:47:15:Infinity":5,"s:17:2:78:Infinity":3,"f:23:23:23:28":1,"s:24:16:26:Infinity":4,"b:32:14:38:20:38:14:51:Infinity":6,"f:38:20:38:25":2,"s:39:16:50:Infinity":5,"b:42:34:42:64:42:64:42:Infinity":7,"f:45:27:45:32":3,"s:46:20:48:Infinity":6,"b:47:36:47:72:47:72:47:Infinity":8,"b:57:7:57:Infinity:58:8:78:Infinity":9},"fnNames":{}}}
,"D:\\Documents\\painel-TCC\\frontend\\src\\pages\\Login.jsx": {"path":"D:\\Documents\\painel-TCC\\frontend\\src\\pages\\Login.jsx","statementMap":{"0":{"start":{"line":7,"column":19},"end":{"line":7,"column":null}},"1":{"start":{"line":8,"column":19},"end":{"line":8,"column":null}},"2":{"start":{"line":9,"column":15},"end":{"line":9,"column":null}},"3":{"start":{"line":10,"column":18},"end":{"line":10,"column":null}},"4":{"start":{"line":12,"column":10},"end":{"line":12,"column":null}},"5":{"start":{"line":13,"column":8},"end":{"line":13,"column":null}},"6":{"start":{"line":16,"column":4},"end":{"line":16,"column":null}},"7":{"start":{"line":17,"column":4},"end":{"line":17,"column":null}},"8":{"start":{"line":18,"column":4},"end":{"line":18,"column":null}},"9":{"start":{"line":19,"column":22},"end":{"line":19,"column":null}},"10":{"start":{"line":20,"column":4},"end":{"line":20,"column":null}},"11":{"start":{"line":21,"column":4},"end":{"line":25,"column":null}},"12":{"start":{"line":22,"column":6},"end":{"line":22,"column":null}},"13":{"start":{"line":24,"column":6},"end":{"line":24,"column":null}},"14":{"start":{"line":28,"column":2},"end":{"line":112,"column":null}},"15":{"start":{"line":54,"column":31},"end":{"line":54,"column":null}},"16":{"start":{"line":72,"column":31},"end":{"line":72,"column":null}}},"fnMap":{"0":{"name":"Login","decl":{"start":{"line":6,"column":24},"end":{"line":6,"column":32}},"loc":{"start":{"line":6,"column":32},"end":{"line":114,"column":null}},"line":6},"1":{"name":"handleSubmit","decl":{"start":{"line":15,"column":17},"end":{"line":15,"column":30}},"loc":{"start":{"line":15,"column":33},"end":{"line":26,"column":null}},"line":15},"2":{"name":"(anonymous_2)","decl":{"start":{"line":54,"column":14},"end":{"line":54,"column":25}},"loc":{"start":{"line":54,"column":31},"end":{"line":54,"column":null}},"line":54},"3":{"name":"(anonymous_3)","decl":{"start":{"line":72,"column":14},"end":{"line":72,"column":25}},"loc":{"start":{"line":72,"column":31},"end":{"line":72,"column":null}},"line":72}},"branchMap":{"0":{"loc":{"start":{"line":21,"column":4},"end":{"line":25,"column":null}},"type":"if","locations":[{"start":{"line":21,"column":4},"end":{"line":25,"column":null}},{"start":{"line":23,"column":11},"end":{"line":25,"column":null}}],"line":21},"1":{"loc":{"start":{"line":84,"column":13},"end":{"line":90,"column":null}},"type":"cond-expr","locations":[{"start":{"line":85,"column":14},"end":{"line":90,"column":null}},{"start":{"line":90,"column":14},"end":{"line":90,"column":null}}],"line":84},"2":{"loc":{"start":{"line":94,"column":11},"end":{"line":95,"column":null}},"type":"binary-expr","locations":[{"start":{"line":94,"column":11},"end":{"line":94,"column":null}},{"start":{"line":95,"column":12},"end":{"line":95,"column":null}}],"line":94}},"s":{"0":17,"1":17,"2":17,"3":17,"4":17,"5":17,"6":3,"7":3,"8":3,"9":3,"10":3,"11":3,"12":1,"13":2,"14":17,"15":3,"16":3},"f":{"0":17,"1":3,"2":3,"3":3},"b":{"0":[1,2],"1":[3,14],"2":[17,2]},"meta":{"lastBranch":3,"lastFunction":4,"lastStatement":17,"seen":{"f:6:24:6:32":0,"s:7:19:7:Infinity":0,"s:8:19:8:Infinity":1,"s:9:15:9:Infinity":2,"s:10:18:10:Infinity":3,"s:12:10:12:Infinity":4,"s:13:8:13:Infinity":5,"f:15:17:15:30":1,"s:16:4:16:Infinity":6,"s:17:4:17:Infinity":7,"s:18:4:18:Infinity":8,"s:19:22:19:Infinity":9,"s:20:4:20:Infinity":10,"b:21:4:25:Infinity:23:11:25:Infinity":0,"s:21:4:25:Infinity":11,"s:22:6:22:Infinity":12,"s:24:6:24:Infinity":13,"s:28:2:112:Infinity":14,"f:54:14:54:25":2,"s:54:31:54:Infinity":15,"f:72:14:72:25":3,"s:72:31:72:Infinity":16,"b:85:14:90:Infinity:90:14:90:Infinity":1,"b:94:11:94:Infinity:95:12:95:Infinity":2},"fnNames":{}}}
}
